Analysis & Synthesis report for Lab6Task2_top
Tue Dec 01 16:43:37 2020
Quartus Prime Version 20.1.0 Build 711 06/05/2020 SJ Lite Edition


---------------------
; Table of Contents ;
---------------------
  1. Legal Notice
  2. Analysis & Synthesis Summary
  3. Analysis & Synthesis Settings
  4. Parallel Compilation
  5. Analysis & Synthesis Source Files Read
  6. Analysis & Synthesis Resource Usage Summary
  7. Analysis & Synthesis Resource Utilization by Entity
  8. State Machine - |Lab6Task2_top|spi2adc:ADC_Result|sr_state
  9. State Machine - |Lab6Task2_top|spi2dac:DAC_Result|sr_state
 10. Registers Removed During Synthesis
 11. Removed Registers Triggering Further Register Optimizations
 12. General Register Statistics
 13. Inverted Register Statistics
 14. Multiplexer Restructuring Statistics (Restructuring Performed)
 15. Parameter Settings for User Entity Instance: clktick:Cascaded_Counter
 16. Parameter Settings for User Entity Instance: spi2dac:DAC_Result
 17. Parameter Settings for User Entity Instance: spi2adc:ADC_Result
 18. Parameter Settings for Inferred Entity Instance: lpm_divide:Div0
 19. Port Connectivity Checks: "bin2bcd_16:BCD_CONVERTER"
 20. Port Connectivity Checks: "clktick:Cascaded_Counter"
 21. Post-Synthesis Netlist Statistics for Top Partition
 22. Elapsed Time Per Partition
 23. Analysis & Synthesis Messages



----------------
; Legal Notice ;
----------------
Copyright (C) 2020  Intel Corporation. All rights reserved.
Your use of Intel Corporation's design tools, logic functions 
and other software and tools, and any partner logic 
functions, and any output files from any of the foregoing 
(including device programming or simulation files), and any 
associated documentation or information are expressly subject 
to the terms and conditions of the Intel Program License 
Subscription Agreement, the Intel Quartus Prime License Agreement,
the Intel FPGA IP License Agreement, or other applicable license
agreement, including, without limitation, that your use is for
the sole purpose of programming logic devices manufactured by
Intel and sold by Intel or its authorized distributors.  Please
refer to the applicable agreement for further details, at
https://fpgasoftware.intel.com/eula.



+----------------------------------------------------------------------------------+
; Analysis & Synthesis Summary                                                     ;
+------------------------------------+---------------------------------------------+
; Analysis & Synthesis Status        ; Successful - Tue Dec 01 16:43:37 2020       ;
; Quartus Prime Version              ; 20.1.0 Build 711 06/05/2020 SJ Lite Edition ;
; Revision Name                      ; Lab6Task2_top                               ;
; Top-level Entity Name              ; Lab6Task2_top                               ;
; Family                             ; MAX 10                                      ;
; Total logic elements               ; 395                                         ;
;     Total combinational functions  ; 373                                         ;
;     Dedicated logic registers      ; 81                                          ;
; Total registers                    ; 81                                          ;
; Total pins                         ; 47                                          ;
; Total virtual pins                 ; 0                                           ;
; Total memory bits                  ; 0                                           ;
; Embedded Multiplier 9-bit elements ; 0                                           ;
; Total PLLs                         ; 0                                           ;
; UFM blocks                         ; 0                                           ;
; ADC blocks                         ; 0                                           ;
+------------------------------------+---------------------------------------------+


+------------------------------------------------------------------------------------------------------------+
; Analysis & Synthesis Settings                                                                              ;
+------------------------------------------------------------------+--------------------+--------------------+
; Option                                                           ; Setting            ; Default Value      ;
+------------------------------------------------------------------+--------------------+--------------------+
; Device                                                           ; 10M50DAF484C7G     ;                    ;
; Top-level entity name                                            ; Lab6Task2_top      ; Lab6Task2_top      ;
; Family name                                                      ; MAX 10             ; Cyclone V          ;
; Use smart compilation                                            ; Off                ; Off                ;
; Enable parallel Assembler and Timing Analyzer during compilation ; On                 ; On                 ;
; Enable compact report table                                      ; Off                ; Off                ;
; Restructure Multiplexers                                         ; Auto               ; Auto               ;
; Create Debugging Nodes for IP Cores                              ; Off                ; Off                ;
; Preserve fewer node names                                        ; On                 ; On                 ;
; Intel FPGA IP Evaluation Mode                                    ; Enable             ; Enable             ;
; Verilog Version                                                  ; Verilog_2001       ; Verilog_2001       ;
; VHDL Version                                                     ; VHDL_1993          ; VHDL_1993          ;
; State Machine Processing                                         ; Auto               ; Auto               ;
; Safe State Machine                                               ; Off                ; Off                ;
; Extract Verilog State Machines                                   ; On                 ; On                 ;
; Extract VHDL State Machines                                      ; On                 ; On                 ;
; Ignore Verilog initial constructs                                ; Off                ; Off                ;
; Iteration limit for constant Verilog loops                       ; 5000               ; 5000               ;
; Iteration limit for non-constant Verilog loops                   ; 250                ; 250                ;
; Add Pass-Through Logic to Inferred RAMs                          ; On                 ; On                 ;
; Infer RAMs from Raw Logic                                        ; On                 ; On                 ;
; Parallel Synthesis                                               ; On                 ; On                 ;
; DSP Block Balancing                                              ; Auto               ; Auto               ;
; NOT Gate Push-Back                                               ; On                 ; On                 ;
; Power-Up Don't Care                                              ; On                 ; On                 ;
; Remove Redundant Logic Cells                                     ; Off                ; Off                ;
; Remove Duplicate Registers                                       ; On                 ; On                 ;
; Ignore CARRY Buffers                                             ; Off                ; Off                ;
; Ignore CASCADE Buffers                                           ; Off                ; Off                ;
; Ignore GLOBAL Buffers                                            ; Off                ; Off                ;
; Ignore ROW GLOBAL Buffers                                        ; Off                ; Off                ;
; Ignore LCELL Buffers                                             ; Off                ; Off                ;
; Ignore SOFT Buffers                                              ; On                 ; On                 ;
; Limit AHDL Integers to 32 Bits                                   ; Off                ; Off                ;
; Optimization Technique                                           ; Balanced           ; Balanced           ;
; Carry Chain Length                                               ; 70                 ; 70                 ;
; Auto Carry Chains                                                ; On                 ; On                 ;
; Auto Open-Drain Pins                                             ; On                 ; On                 ;
; Perform WYSIWYG Primitive Resynthesis                            ; Off                ; Off                ;
; Auto ROM Replacement                                             ; On                 ; On                 ;
; Auto RAM Replacement                                             ; On                 ; On                 ;
; Auto DSP Block Replacement                                       ; On                 ; On                 ;
; Auto Shift Register Replacement                                  ; Auto               ; Auto               ;
; Allow Shift Register Merging across Hierarchies                  ; Auto               ; Auto               ;
; Auto Clock Enable Replacement                                    ; On                 ; On                 ;
; Strict RAM Replacement                                           ; Off                ; Off                ;
; Allow Synchronous Control Signals                                ; On                 ; On                 ;
; Force Use of Synchronous Clear Signals                           ; Off                ; Off                ;
; Auto RAM Block Balancing                                         ; On                 ; On                 ;
; Auto RAM to Logic Cell Conversion                                ; Off                ; Off                ;
; Auto Resource Sharing                                            ; Off                ; Off                ;
; Allow Any RAM Size For Recognition                               ; Off                ; Off                ;
; Allow Any ROM Size For Recognition                               ; Off                ; Off                ;
; Allow Any Shift Register Size For Recognition                    ; Off                ; Off                ;
; Use LogicLock Constraints during Resource Balancing              ; On                 ; On                 ;
; Ignore translate_off and synthesis_off directives                ; Off                ; Off                ;
; Timing-Driven Synthesis                                          ; On                 ; On                 ;
; Report Parameter Settings                                        ; On                 ; On                 ;
; Report Source Assignments                                        ; On                 ; On                 ;
; Report Connectivity Checks                                       ; On                 ; On                 ;
; Ignore Maximum Fan-Out Assignments                               ; Off                ; Off                ;
; Synchronization Register Chain Length                            ; 2                  ; 2                  ;
; Power Optimization During Synthesis                              ; Normal compilation ; Normal compilation ;
; HDL message level                                                ; Level2             ; Level2             ;
; Suppress Register Optimization Related Messages                  ; Off                ; Off                ;
; Number of Removed Registers Reported in Synthesis Report         ; 5000               ; 5000               ;
; Number of Swept Nodes Reported in Synthesis Report               ; 5000               ; 5000               ;
; Number of Inverted Registers Reported in Synthesis Report        ; 100                ; 100                ;
; Clock MUX Protection                                             ; On                 ; On                 ;
; Auto Gated Clock Conversion                                      ; Off                ; Off                ;
; Block Design Naming                                              ; Auto               ; Auto               ;
; SDC constraint protection                                        ; Off                ; Off                ;
; Synthesis Effort                                                 ; Auto               ; Auto               ;
; Shift Register Replacement - Allow Asynchronous Clear Signal     ; On                 ; On                 ;
; Pre-Mapping Resynthesis Optimization                             ; Off                ; Off                ;
; Analysis & Synthesis Message Level                               ; Medium             ; Medium             ;
; Disable Register Merging Across Hierarchies                      ; Auto               ; Auto               ;
; Resource Aware Inference For Block RAM                           ; On                 ; On                 ;
+------------------------------------------------------------------+--------------------+--------------------+


+------------------------------------------+
; Parallel Compilation                     ;
+----------------------------+-------------+
; Processors                 ; Number      ;
+----------------------------+-------------+
; Number detected on machine ; 8           ;
; Maximum allowed            ; 4           ;
;                            ;             ;
; Average used               ; 1.00        ;
; Maximum used               ; 4           ;
;                            ;             ;
; Usage by Processor         ; % Time Used ;
;     Processor 1            ; 100.0%      ;
;     Processors 2-4         ;   0.0%      ;
+----------------------------+-------------+


+--------------------------------------------------------------------------------------------------------------------------------------------------------------------------+
; Analysis & Synthesis Source Files Read                                                                                                                                   ;
+----------------------------------+-----------------+------------------------------+----------------------------------------------------------------------------+---------+
; File Name with User-Entered Path ; Used in Netlist ; File Type                    ; File Name with Absolute Path                                               ; Library ;
+----------------------------------+-----------------+------------------------------+----------------------------------------------------------------------------+---------+
; bin2bcd_16.v                     ; yes             ; User Verilog HDL File        ; C:/E2_CAS/Lab6/Task2/bin2bcd_16.v                                          ;         ;
; hex_to_7seg_DP.v                 ; yes             ; User Verilog HDL File        ; C:/E2_CAS/Lab6/Task2/hex_to_7seg_DP.v                                      ;         ;
; hex_to_7seg.v                    ; yes             ; User Verilog HDL File        ; C:/E2_CAS/Lab6/Task2/hex_to_7seg.v                                         ;         ;
; spi2dac.v                        ; yes             ; User Verilog HDL File        ; C:/E2_CAS/Lab6/Task2/spi2dac.v                                             ;         ;
; spi2adc.v                        ; yes             ; User Verilog HDL File        ; C:/E2_CAS/Lab6/Task2/spi2adc.v                                             ;         ;
; clktick.v                        ; yes             ; User Verilog HDL File        ; C:/E2_CAS/Lab6/Task2/clktick.v                                             ;         ;
; Lab6Task2_top.v                  ; yes             ; User Verilog HDL File        ; C:/E2_CAS/Lab6/Task2/Lab6Task2_top.v                                       ;         ;
; lpm_divide.tdf                   ; yes             ; Megafunction                 ; c:/intelfpga_lite/20.1/quartus/libraries/megafunctions/lpm_divide.tdf      ;         ;
; abs_divider.inc                  ; yes             ; Megafunction                 ; c:/intelfpga_lite/20.1/quartus/libraries/megafunctions/abs_divider.inc     ;         ;
; sign_div_unsign.inc              ; yes             ; Megafunction                 ; c:/intelfpga_lite/20.1/quartus/libraries/megafunctions/sign_div_unsign.inc ;         ;
; aglobal201.inc                   ; yes             ; Megafunction                 ; c:/intelfpga_lite/20.1/quartus/libraries/megafunctions/aglobal201.inc      ;         ;
; db/lpm_divide_otl.tdf            ; yes             ; Auto-Generated Megafunction  ; C:/E2_CAS/Lab6/Task2/db/lpm_divide_otl.tdf                                 ;         ;
; db/sign_div_unsign_qlh.tdf       ; yes             ; Auto-Generated Megafunction  ; C:/E2_CAS/Lab6/Task2/db/sign_div_unsign_qlh.tdf                            ;         ;
; db/alt_u_div_uhe.tdf             ; yes             ; Auto-Generated Megafunction  ; C:/E2_CAS/Lab6/Task2/db/alt_u_div_uhe.tdf                                  ;         ;
; db/add_sub_t3c.tdf               ; yes             ; Auto-Generated Megafunction  ; C:/E2_CAS/Lab6/Task2/db/add_sub_t3c.tdf                                    ;         ;
; db/add_sub_u3c.tdf               ; yes             ; Auto-Generated Megafunction  ; C:/E2_CAS/Lab6/Task2/db/add_sub_u3c.tdf                                    ;         ;
+----------------------------------+-----------------+------------------------------+----------------------------------------------------------------------------+---------+


+-------------------------------------------------------------------+
; Analysis & Synthesis Resource Usage Summary                       ;
+---------------------------------------------+---------------------+
; Resource                                    ; Usage               ;
+---------------------------------------------+---------------------+
; Estimated Total logic elements              ; 395                 ;
;                                             ;                     ;
; Total combinational functions               ; 373                 ;
; Logic element usage by number of LUT inputs ;                     ;
;     -- 4 input functions                    ; 157                 ;
;     -- 3 input functions                    ; 73                  ;
;     -- <=2 input functions                  ; 143                 ;
;                                             ;                     ;
; Logic elements by mode                      ;                     ;
;     -- normal mode                          ; 286                 ;
;     -- arithmetic mode                      ; 87                  ;
;                                             ;                     ;
; Total registers                             ; 81                  ;
;     -- Dedicated logic registers            ; 81                  ;
;     -- I/O registers                        ; 0                   ;
;                                             ;                     ;
; I/O pins                                    ; 47                  ;
;                                             ;                     ;
; Embedded Multiplier 9-bit elements          ; 0                   ;
;                                             ;                     ;
; Maximum fan-out node                        ; MAX10_CLK1_50~input ;
; Maximum fan-out                             ; 62                  ;
; Total fan-out                               ; 1374                ;
; Average fan-out                             ; 2.51                ;
+---------------------------------------------+---------------------+


+---------------------------------------------------------------------------------------------------------------------------------------------------------------------------------------------------------------------------------------------------------------------------------------------------------------------------------------------------+
; Analysis & Synthesis Resource Utilization by Entity                                                                                                                                                                                                                                                                                               ;
+----------------------------------------+---------------------+---------------------------+-------------+------------+--------------+---------+-----------+------+--------------+------------+----------------------------------------------------------------------------------------------------------------+---------------------+--------------+
; Compilation Hierarchy Node             ; Combinational ALUTs ; Dedicated Logic Registers ; Memory Bits ; UFM Blocks ; DSP Elements ; DSP 9x9 ; DSP 18x18 ; Pins ; Virtual Pins ; ADC blocks ; Full Hierarchy Name                                                                                            ; Entity Name         ; Library Name ;
+----------------------------------------+---------------------+---------------------------+-------------+------------+--------------+---------+-----------+------+--------------+------------+----------------------------------------------------------------------------------------------------------------+---------------------+--------------+
; |Lab6Task2_top                         ; 373 (11)            ; 81 (0)                    ; 0           ; 0          ; 0            ; 0       ; 0         ; 47   ; 0            ; 0          ; |Lab6Task2_top                                                                                                 ; Lab6Task2_top       ; work         ;
;    |bin2bcd_16:BCD_CONVERTER|          ; 80 (80)             ; 0 (0)                     ; 0           ; 0          ; 0            ; 0       ; 0         ; 0    ; 0            ; 0          ; |Lab6Task2_top|bin2bcd_16:BCD_CONVERTER                                                                        ; bin2bcd_16          ; work         ;
;    |clktick:Cascaded_Counter|          ; 29 (29)             ; 17 (17)                   ; 0           ; 0          ; 0            ; 0       ; 0         ; 0    ; 0            ; 0          ; |Lab6Task2_top|clktick:Cascaded_Counter                                                                        ; clktick             ; work         ;
;    |hex_to_7seg:DISP0|                 ; 7 (7)               ; 0 (0)                     ; 0           ; 0          ; 0            ; 0       ; 0         ; 0    ; 0            ; 0          ; |Lab6Task2_top|hex_to_7seg:DISP0                                                                               ; hex_to_7seg         ; work         ;
;    |hex_to_7seg:DISP1|                 ; 7 (7)               ; 0 (0)                     ; 0           ; 0          ; 0            ; 0       ; 0         ; 0    ; 0            ; 0          ; |Lab6Task2_top|hex_to_7seg:DISP1                                                                               ; hex_to_7seg         ; work         ;
;    |hex_to_7seg:DISP2|                 ; 7 (7)               ; 0 (0)                     ; 0           ; 0          ; 0            ; 0       ; 0         ; 0    ; 0            ; 0          ; |Lab6Task2_top|hex_to_7seg:DISP2                                                                               ; hex_to_7seg         ; work         ;
;    |hex_to_7seg:DISP3|                 ; 7 (7)               ; 0 (0)                     ; 0           ; 0          ; 0            ; 0       ; 0         ; 0    ; 0            ; 0          ; |Lab6Task2_top|hex_to_7seg:DISP3                                                                               ; hex_to_7seg         ; work         ;
;    |lpm_divide:Div0|                   ; 160 (0)             ; 0 (0)                     ; 0           ; 0          ; 0            ; 0       ; 0         ; 0    ; 0            ; 0          ; |Lab6Task2_top|lpm_divide:Div0                                                                                 ; lpm_divide          ; work         ;
;       |lpm_divide_otl:auto_generated|  ; 160 (0)             ; 0 (0)                     ; 0           ; 0          ; 0            ; 0       ; 0         ; 0    ; 0            ; 0          ; |Lab6Task2_top|lpm_divide:Div0|lpm_divide_otl:auto_generated                                                   ; lpm_divide_otl      ; work         ;
;          |sign_div_unsign_qlh:divider| ; 160 (0)             ; 0 (0)                     ; 0           ; 0          ; 0            ; 0       ; 0         ; 0    ; 0            ; 0          ; |Lab6Task2_top|lpm_divide:Div0|lpm_divide_otl:auto_generated|sign_div_unsign_qlh:divider                       ; sign_div_unsign_qlh ; work         ;
;             |alt_u_div_uhe:divider|    ; 160 (160)           ; 0 (0)                     ; 0           ; 0          ; 0            ; 0       ; 0         ; 0    ; 0            ; 0          ; |Lab6Task2_top|lpm_divide:Div0|lpm_divide_otl:auto_generated|sign_div_unsign_qlh:divider|alt_u_div_uhe:divider ; alt_u_div_uhe       ; work         ;
;    |spi2adc:ADC_Result|                ; 29 (29)             ; 41 (41)                   ; 0           ; 0          ; 0            ; 0       ; 0         ; 0    ; 0            ; 0          ; |Lab6Task2_top|spi2adc:ADC_Result                                                                              ; spi2adc             ; work         ;
;    |spi2dac:DAC_Result|                ; 36 (36)             ; 23 (23)                   ; 0           ; 0          ; 0            ; 0       ; 0         ; 0    ; 0            ; 0          ; |Lab6Task2_top|spi2dac:DAC_Result                                                                              ; spi2dac             ; work         ;
+----------------------------------------+---------------------+---------------------------+-------------+------------+--------------+---------+-----------+------+--------------+------------+----------------------------------------------------------------------------------------------------------------+---------------------+--------------+
Note: For table entries with two numbers listed, the numbers in parentheses indicate the number of resources of the given type used by the specific entity alone. The numbers listed outside of parentheses indicate the total resources of the given type used by the specific entity and all of its sub-entities in the hierarchy.


Encoding Type:  One-Hot
+------------------------------------------------------------------------------------------+
; State Machine - |Lab6Task2_top|spi2adc:ADC_Result|sr_state                               ;
+------------------------+---------------+------------------------+------------------------+
; Name                   ; sr_state.IDLE ; sr_state.WAIT_CSB_HIGH ; sr_state.WAIT_CSB_FALL ;
+------------------------+---------------+------------------------+------------------------+
; sr_state.IDLE          ; 0             ; 0                      ; 0                      ;
; sr_state.WAIT_CSB_FALL ; 1             ; 0                      ; 1                      ;
; sr_state.WAIT_CSB_HIGH ; 1             ; 1                      ; 0                      ;
+------------------------+---------------+------------------------+------------------------+


Encoding Type:  One-Hot
+------------------------------------------------------------------------------------------+
; State Machine - |Lab6Task2_top|spi2dac:DAC_Result|sr_state                               ;
+------------------------+---------------+------------------------+------------------------+
; Name                   ; sr_state.IDLE ; sr_state.WAIT_CSB_HIGH ; sr_state.WAIT_CSB_FALL ;
+------------------------+---------------+------------------------+------------------------+
; sr_state.IDLE          ; 0             ; 0                      ; 0                      ;
; sr_state.WAIT_CSB_FALL ; 1             ; 0                      ; 1                      ;
; sr_state.WAIT_CSB_HIGH ; 1             ; 1                      ; 0                      ;
+------------------------+---------------+------------------------+------------------------+


+--------------------------------------------------------------------------------+
; Registers Removed During Synthesis                                             ;
+---------------------------------------+----------------------------------------+
; Register name                         ; Reason for Removal                     ;
+---------------------------------------+----------------------------------------+
; spi2dac:DAC_Result|shift_reg[0,1]     ; Stuck at GND due to stuck port data_in ;
; spi2dac:DAC_Result|ctr[4]             ; Merged with spi2adc:ADC_Result|ctr[4]  ;
; spi2dac:DAC_Result|ctr[3]             ; Merged with spi2adc:ADC_Result|ctr[3]  ;
; spi2dac:DAC_Result|ctr[2]             ; Merged with spi2adc:ADC_Result|ctr[2]  ;
; spi2dac:DAC_Result|ctr[1]             ; Merged with spi2adc:ADC_Result|ctr[1]  ;
; spi2dac:DAC_Result|ctr[0]             ; Merged with spi2adc:ADC_Result|ctr[0]  ;
; Total Number of Removed Registers = 7 ;                                        ;
+---------------------------------------+----------------------------------------+


+------------------------------------------------------------------------------------------------------+
; Removed Registers Triggering Further Register Optimizations                                          ;
+---------------------------------+---------------------------+----------------------------------------+
; Register name                   ; Reason for Removal        ; Registers Removed due to This Register ;
+---------------------------------+---------------------------+----------------------------------------+
; spi2dac:DAC_Result|shift_reg[0] ; Stuck at GND              ; spi2dac:DAC_Result|shift_reg[1]        ;
;                                 ; due to stuck port data_in ;                                        ;
+---------------------------------+---------------------------+----------------------------------------+


+------------------------------------------------------+
; General Register Statistics                          ;
+----------------------------------------------+-------+
; Statistic                                    ; Value ;
+----------------------------------------------+-------+
; Total registers                              ; 81    ;
; Number of registers using Synchronous Clear  ; 0     ;
; Number of registers using Synchronous Load   ; 0     ;
; Number of registers using Asynchronous Clear ; 0     ;
; Number of registers using Asynchronous Load  ; 0     ;
; Number of registers using Clock Enable       ; 32    ;
; Number of registers using Preset             ; 0     ;
+----------------------------------------------+-------+


+--------------------------------------------------+
; Inverted Register Statistics                     ;
+----------------------------------------+---------+
; Inverted Register                      ; Fan out ;
+----------------------------------------+---------+
; spi2adc:ADC_Result|data_valid          ; 8       ;
; Total number of inverted registers = 1 ;         ;
+----------------------------------------+---------+


+-----------------------------------------------------------------------------------------------------------------------------------------------------------+
; Multiplexer Restructuring Statistics (Restructuring Performed)                                                                                            ;
+--------------------+-----------+---------------+----------------------+------------------------+------------+---------------------------------------------+
; Multiplexer Inputs ; Bus Width ; Baseline Area ; Area if Restructured ; Saving if Restructured ; Registered ; Example Multiplexer Output                  ;
+--------------------+-----------+---------------+----------------------+------------------------+------------+---------------------------------------------+
; 6:1                ; 3 bits    ; 12 LEs        ; 6 LEs                ; 6 LEs                  ; No         ; |Lab6Task2_top|spi2dac:DAC_Result|Selector2 ;
+--------------------+-----------+---------------+----------------------+------------------------+------------+---------------------------------------------+


+-----------------------------------------------------------------------+
; Parameter Settings for User Entity Instance: clktick:Cascaded_Counter ;
+----------------+-------+----------------------------------------------+
; Parameter Name ; Value ; Type                                         ;
+----------------+-------+----------------------------------------------+
; N_BIT          ; 16    ; Signed Integer                               ;
; N              ; 999   ; Signed Integer                               ;
+----------------+-------+----------------------------------------------+
Note: In order to hide this table in the UI and the text report file, please set the "Show Parameter Settings in Synthesis Report" option in "Analysis and Synthesis Settings -> More Settings" to "Off".


+-----------------------------------------------------------------+
; Parameter Settings for User Entity Instance: spi2dac:DAC_Result ;
+----------------+-------+----------------------------------------+
; Parameter Name ; Value ; Type                                   ;
+----------------+-------+----------------------------------------+
; BUF            ; 1     ; Unsigned Binary                        ;
; GA_N           ; 1     ; Unsigned Binary                        ;
; SHDN_N         ; 1     ; Unsigned Binary                        ;
; TC             ; 11000 ; Unsigned Binary                        ;
; IDLE           ; 00    ; Unsigned Binary                        ;
; WAIT_CSB_FALL  ; 01    ; Unsigned Binary                        ;
; WAIT_CSB_HIGH  ; 10    ; Unsigned Binary                        ;
+----------------+-------+----------------------------------------+
Note: In order to hide this table in the UI and the text report file, please set the "Show Parameter Settings in Synthesis Report" option in "Analysis and Synthesis Settings -> More Settings" to "Off".


+-----------------------------------------------------------------+
; Parameter Settings for User Entity Instance: spi2adc:ADC_Result ;
+----------------+-------+----------------------------------------+
; Parameter Name ; Value ; Type                                   ;
+----------------+-------+----------------------------------------+
; TERMINAL_CNT   ; 11000 ; Unsigned Binary                        ;
; IDLE           ; 00    ; Unsigned Binary                        ;
; WAIT_CSB_FALL  ; 01    ; Unsigned Binary                        ;
; WAIT_CSB_HIGH  ; 10    ; Unsigned Binary                        ;
+----------------+-------+----------------------------------------+
Note: In order to hide this table in the UI and the text report file, please set the "Show Parameter Settings in Synthesis Report" option in "Analysis and Synthesis Settings -> More Settings" to "Off".


+------------------------------------------------------------------+
; Parameter Settings for Inferred Entity Instance: lpm_divide:Div0 ;
+------------------------+----------------+------------------------+
; Parameter Name         ; Value          ; Type                   ;
+------------------------+----------------+------------------------+
; LPM_WIDTHN             ; 16             ; Untyped                ;
; LPM_WIDTHD             ; 4              ; Untyped                ;
; LPM_NREPRESENTATION    ; UNSIGNED       ; Untyped                ;
; LPM_DREPRESENTATION    ; UNSIGNED       ; Untyped                ;
; LPM_PIPELINE           ; 0              ; Untyped                ;
; LPM_REMAINDERPOSITIVE  ; TRUE           ; Untyped                ;
; MAXIMIZE_SPEED         ; 5              ; Untyped                ;
; CBXI_PARAMETER         ; lpm_divide_otl ; Untyped                ;
; CARRY_CHAIN            ; MANUAL         ; Untyped                ;
; OPTIMIZE_FOR_SPEED     ; 5              ; Untyped                ;
; AUTO_CARRY_CHAINS      ; ON             ; AUTO_CARRY             ;
; IGNORE_CARRY_BUFFERS   ; OFF            ; IGNORE_CARRY           ;
; AUTO_CASCADE_CHAINS    ; ON             ; AUTO_CASCADE           ;
; IGNORE_CASCADE_BUFFERS ; OFF            ; IGNORE_CASCADE         ;
+------------------------+----------------+------------------------+
Note: In order to hide this table in the UI and the text report file, please set the "Show Parameter Settings in Synthesis Report" option in "Analysis and Synthesis Settings -> More Settings" to "Off".


+----------------------------------------------------------------------------------------------------------------+
; Port Connectivity Checks: "bin2bcd_16:BCD_CONVERTER"                                                           ;
+------+--------+----------+-------------------------------------------------------------------------------------+
; Port ; Type   ; Severity ; Details                                                                             ;
+------+--------+----------+-------------------------------------------------------------------------------------+
; BCD4 ; Output ; Info     ; Connected to dangling logic. Logic that only feeds a dangling port will be removed. ;
+------+--------+----------+-------------------------------------------------------------------------------------+


+------------------------------------------------------+
; Port Connectivity Checks: "clktick:Cascaded_Counter" ;
+--------+-------+----------+--------------------------+
; Port   ; Type  ; Severity ; Details                  ;
+--------+-------+----------+--------------------------+
; enable ; Input ; Info     ; Stuck at VCC             ;
+--------+-------+----------+--------------------------+


+-----------------------------------------------------+
; Post-Synthesis Netlist Statistics for Top Partition ;
+-----------------------+-----------------------------+
; Type                  ; Count                       ;
+-----------------------+-----------------------------+
; boundary_port         ; 47                          ;
; cycloneiii_ff         ; 81                          ;
;     ENA               ; 32                          ;
;     plain             ; 49                          ;
; cycloneiii_lcell_comb ; 385                         ;
;     arith             ; 87                          ;
;         2 data inputs ; 33                          ;
;         3 data inputs ; 54                          ;
;     normal            ; 298                         ;
;         0 data inputs ; 15                          ;
;         1 data inputs ; 17                          ;
;         2 data inputs ; 90                          ;
;         3 data inputs ; 19                          ;
;         4 data inputs ; 157                         ;
;                       ;                             ;
; Max LUT depth         ; 33.90                       ;
; Average LUT depth     ; 20.53                       ;
+-----------------------+-----------------------------+


+-------------------------------+
; Elapsed Time Per Partition    ;
+----------------+--------------+
; Partition Name ; Elapsed Time ;
+----------------+--------------+
; Top            ; 00:00:01     ;
+----------------+--------------+


+-------------------------------+
; Analysis & Synthesis Messages ;
+-------------------------------+
Info: *******************************************************************
Info: Running Quartus Prime Analysis & Synthesis
    Info: Version 20.1.0 Build 711 06/05/2020 SJ Lite Edition
    Info: Processing started: Tue Dec 01 16:43:29 2020
Info: Command: quartus_map --read_settings_files=on --write_settings_files=off Lab6Task2 -c Lab6Task2_top
Warning (18236): Number of processors has not been specified which may cause overloading on shared machines.  Set the global assignment NUM_PARALLEL_PROCESSORS in your QSF to an appropriate value for best performance.
Info (20030): Parallel compilation is enabled and will use 4 of the 4 processors detected
Info (12021): Found 1 design units, including 1 entities, in source file bin2bcd_16.v
    Info (12023): Found entity 1: bin2bcd_16 File: C:/E2_CAS/Lab6/Task2/bin2bcd_16.v Line: 14
Info (12021): Found 1 design units, including 1 entities, in source file hex_to_7seg_dp.v
    Info (12023): Found entity 1: hex_to_7seg_DP File: C:/E2_CAS/Lab6/Task2/hex_to_7seg_DP.v Line: 1
Info (12021): Found 1 design units, including 1 entities, in source file hex_to_7seg.v
    Info (12023): Found entity 1: hex_to_7seg File: C:/E2_CAS/Lab6/Task2/hex_to_7seg.v Line: 1
Info (12021): Found 1 design units, including 1 entities, in source file spi2dac.v
    Info (12023): Found entity 1: spi2dac File: C:/E2_CAS/Lab6/Task2/spi2dac.v Line: 9
Info (12021): Found 1 design units, including 1 entities, in source file spi2adc.v
    Info (12023): Found entity 1: spi2adc File: C:/E2_CAS/Lab6/Task2/spi2adc.v Line: 9
Info (12021): Found 1 design units, including 1 entities, in source file clktick.v
    Info (12023): Found entity 1: clktick File: C:/E2_CAS/Lab6/Task2/clktick.v Line: 1
Info (12021): Found 1 design units, including 1 entities, in source file lab6task2_top.v
    Info (12023): Found entity 1: Lab6Task2_top File: C:/E2_CAS/Lab6/Task2/Lab6Task2_top.v Line: 1
Info (12127): Elaborating entity "Lab6Task2_top" for the top level hierarchy
Info (12128): Elaborating entity "clktick" for hierarchy "clktick:Cascaded_Counter" File: C:/E2_CAS/Lab6/Task2/Lab6Task2_top.v Line: 19
Warning (10230): Verilog HDL assignment warning at clktick.v(35): truncated value with size 32 to match size of target (16) File: C:/E2_CAS/Lab6/Task2/clktick.v Line: 35
Info (12128): Elaborating entity "spi2dac" for hierarchy "spi2dac:DAC_Result" File: C:/E2_CAS/Lab6/Task2/Lab6Task2_top.v Line: 21
Info (12128): Elaborating entity "spi2adc" for hierarchy "spi2adc:ADC_Result" File: C:/E2_CAS/Lab6/Task2/Lab6Task2_top.v Line: 22
Warning (10230): Verilog HDL assignment warning at spi2adc.v(131): truncated value with size 12 to match size of target (10) File: C:/E2_CAS/Lab6/Task2/spi2adc.v Line: 131
Info (12128): Elaborating entity "bin2bcd_16" for hierarchy "bin2bcd_16:BCD_CONVERTER" File: C:/E2_CAS/Lab6/Task2/Lab6Task2_top.v Line: 27
Info (12128): Elaborating entity "hex_to_7seg" for hierarchy "hex_to_7seg:DISP0" File: C:/E2_CAS/Lab6/Task2/Lab6Task2_top.v Line: 29
Info (12128): Elaborating entity "hex_to_7seg_DP" for hierarchy "hex_to_7seg_DP:decimal" File: C:/E2_CAS/Lab6/Task2/Lab6Task2_top.v Line: 33
Info (278001): Inferred 1 megafunctions from design logic
    Info (278004): Inferred divider/modulo megafunction ("lpm_divide") from the following logic: "Div0" File: C:/E2_CAS/Lab6/Task2/Lab6Task2_top.v Line: 24
Info (12130): Elaborated megafunction instantiation "lpm_divide:Div0" File: C:/E2_CAS/Lab6/Task2/Lab6Task2_top.v Line: 24
Info (12133): Instantiated megafunction "lpm_divide:Div0" with the following parameter: File: C:/E2_CAS/Lab6/Task2/Lab6Task2_top.v Line: 24
    Info (12134): Parameter "LPM_WIDTHN" = "16"
    Info (12134): Parameter "LPM_WIDTHD" = "4"
    Info (12134): Parameter "LPM_NREPRESENTATION" = "UNSIGNED"
    Info (12134): Parameter "LPM_DREPRESENTATION" = "UNSIGNED"
Info (12021): Found 1 design units, including 1 entities, in source file db/lpm_divide_otl.tdf
    Info (12023): Found entity 1: lpm_divide_otl File: C:/E2_CAS/Lab6/Task2/db/lpm_divide_otl.tdf Line: 25
Info (12021): Found 1 design units, including 1 entities, in source file db/sign_div_unsign_qlh.tdf
    Info (12023): Found entity 1: sign_div_unsign_qlh File: C:/E2_CAS/Lab6/Task2/db/sign_div_unsign_qlh.tdf Line: 25
Info (12021): Found 1 design units, including 1 entities, in source file db/alt_u_div_uhe.tdf
    Info (12023): Found entity 1: alt_u_div_uhe File: C:/E2_CAS/Lab6/Task2/db/alt_u_div_uhe.tdf Line: 27
Info (12021): Found 1 design units, including 1 entities, in source file db/add_sub_t3c.tdf
    Info (12023): Found entity 1: add_sub_t3c File: C:/E2_CAS/Lab6/Task2/db/add_sub_t3c.tdf Line: 23
Info (12021): Found 1 design units, including 1 entities, in source file db/add_sub_u3c.tdf
    Info (12023): Found entity 1: add_sub_u3c File: C:/E2_CAS/Lab6/Task2/db/add_sub_u3c.tdf Line: 23
Warning (13024): Output pins are stuck at VCC or GND
    Warning (13410): Pin "HEX3[7]" is stuck at GND File: C:/E2_CAS/Lab6/Task2/Lab6Task2_top.v Line: 11
Info (286030): Timing-Driven Synthesis is running
Info (16010): Generating hard_block partition "hard_block:auto_generated_inst"
    Info (16011): Adding 0 node(s), including 0 DDIO, 0 PLL, 0 transceiver and 0 LCELL
Info (21057): Implemented 443 device resources after synthesis - the final resource count might be different
    Info (21058): Implemented 12 input pins
    Info (21059): Implemented 35 output pins
    Info (21061): Implemented 396 logic cells
Info: Quartus Prime Analysis & Synthesis was successful. 0 errors, 5 warnings
    Info: Peak virtual memory: 4768 megabytes
    Info: Processing ended: Tue Dec 01 16:43:37 2020
    Info: Elapsed time: 00:00:08
    Info: Total CPU time (on all processors): 00:00:15


