Analysis & Synthesis report for task2_top
Wed Nov 04 11:58:29 2020
Quartus Prime Version 20.1.0 Build 711 06/05/2020 SJ Lite Edition


---------------------
; Table of Contents ;
---------------------
  1. Legal Notice
  2. Analysis & Synthesis Summary
  3. Analysis & Synthesis Settings
  4. Parallel Compilation
  5. Analysis & Synthesis Messages



----------------
; Legal Notice ;
----------------
Copyright (C) 2020  Intel Corporation. All rights reserved.
Your use of Intel Corporation's design tools, logic functions 
and other software and tools, and any partner logic 
functions, and any output files from any of the foregoing 
(including device programming or simulation files), and any 
associated documentation or information are expressly subject 
to the terms and conditions of the Intel Program License 
Subscription Agreement, the Intel Quartus Prime License Agreement,
the Intel FPGA IP License Agreement, or other applicable license
agreement, including, without limitation, that your use is for
the sole purpose of programming logic devices manufactured by
Intel and sold by Intel or its authorized distributors.  Please
refer to the applicable agreement for further details, at
https://fpgasoftware.intel.com/eula.



+----------------------------------------------------------------------------------+
; Analysis & Synthesis Summary                                                     ;
+------------------------------------+---------------------------------------------+
; Analysis & Synthesis Status        ; Failed - Wed Nov 04 11:58:29 2020           ;
; Quartus Prime Version              ; 20.1.0 Build 711 06/05/2020 SJ Lite Edition ;
; Revision Name                      ; task2_top                                   ;
; Top-level Entity Name              ; task2_top                                   ;
; Family                             ; MAX 10                                      ;
; Total logic elements               ; N/A until Partition Merge                   ;
;     Total combinational functions  ; N/A until Partition Merge                   ;
;     Dedicated logic registers      ; N/A until Partition Merge                   ;
; Total registers                    ; N/A until Partition Merge                   ;
; Total pins                         ; N/A until Partition Merge                   ;
; Total virtual pins                 ; N/A until Partition Merge                   ;
; Total memory bits                  ; N/A until Partition Merge                   ;
; Embedded Multiplier 9-bit elements ; N/A until Partition Merge                   ;
; Total PLLs                         ; N/A until Partition Merge                   ;
; UFM blocks                         ; N/A until Partition Merge                   ;
; ADC blocks                         ; N/A until Partition Merge                   ;
+------------------------------------+---------------------------------------------+


+------------------------------------------------------------------------------------------------------------+
; Analysis & Synthesis Settings                                                                              ;
+------------------------------------------------------------------+--------------------+--------------------+
; Option                                                           ; Setting            ; Default Value      ;
+------------------------------------------------------------------+--------------------+--------------------+
; Device                                                           ; 10M50DAF484C7G     ;                    ;
; Top-level entity name                                            ; task2_top          ; task2_top          ;
; Family name                                                      ; MAX 10             ; Cyclone V          ;
; Use smart compilation                                            ; Off                ; Off                ;
; Enable parallel Assembler and Timing Analyzer during compilation ; On                 ; On                 ;
; Enable compact report table                                      ; Off                ; Off                ;
; Restructure Multiplexers                                         ; Auto               ; Auto               ;
; Create Debugging Nodes for IP Cores                              ; Off                ; Off                ;
; Preserve fewer node names                                        ; On                 ; On                 ;
; Intel FPGA IP Evaluation Mode                                    ; Enable             ; Enable             ;
; Verilog Version                                                  ; Verilog_2001       ; Verilog_2001       ;
; VHDL Version                                                     ; VHDL_1993          ; VHDL_1993          ;
; State Machine Processing                                         ; Auto               ; Auto               ;
; Safe State Machine                                               ; Off                ; Off                ;
; Extract Verilog State Machines                                   ; On                 ; On                 ;
; Extract VHDL State Machines                                      ; On                 ; On                 ;
; Ignore Verilog initial constructs                                ; Off                ; Off                ;
; Iteration limit for constant Verilog loops                       ; 5000               ; 5000               ;
; Iteration limit for non-constant Verilog loops                   ; 250                ; 250                ;
; Add Pass-Through Logic to Inferred RAMs                          ; On                 ; On                 ;
; Infer RAMs from Raw Logic                                        ; On                 ; On                 ;
; Parallel Synthesis                                               ; On                 ; On                 ;
; DSP Block Balancing                                              ; Auto               ; Auto               ;
; NOT Gate Push-Back                                               ; On                 ; On                 ;
; Power-Up Don't Care                                              ; On                 ; On                 ;
; Remove Redundant Logic Cells                                     ; Off                ; Off                ;
; Remove Duplicate Registers                                       ; On                 ; On                 ;
; Ignore CARRY Buffers                                             ; Off                ; Off                ;
; Ignore CASCADE Buffers                                           ; Off                ; Off                ;
; Ignore GLOBAL Buffers                                            ; Off                ; Off                ;
; Ignore ROW GLOBAL Buffers                                        ; Off                ; Off                ;
; Ignore LCELL Buffers                                             ; Off                ; Off                ;
; Ignore SOFT Buffers                                              ; On                 ; On                 ;
; Limit AHDL Integers to 32 Bits                                   ; Off                ; Off                ;
; Optimization Technique                                           ; Balanced           ; Balanced           ;
; Carry Chain Length                                               ; 70                 ; 70                 ;
; Auto Carry Chains                                                ; On                 ; On                 ;
; Auto Open-Drain Pins                                             ; On                 ; On                 ;
; Perform WYSIWYG Primitive Resynthesis                            ; Off                ; Off                ;
; Auto ROM Replacement                                             ; On                 ; On                 ;
; Auto RAM Replacement                                             ; On                 ; On                 ;
; Auto DSP Block Replacement                                       ; On                 ; On                 ;
; Auto Shift Register Replacement                                  ; Auto               ; Auto               ;
; Allow Shift Register Merging across Hierarchies                  ; Auto               ; Auto               ;
; Auto Clock Enable Replacement                                    ; On                 ; On                 ;
; Strict RAM Replacement                                           ; Off                ; Off                ;
; Allow Synchronous Control Signals                                ; On                 ; On                 ;
; Force Use of Synchronous Clear Signals                           ; Off                ; Off                ;
; Auto RAM Block Balancing                                         ; On                 ; On                 ;
; Auto RAM to Logic Cell Conversion                                ; Off                ; Off                ;
; Auto Resource Sharing                                            ; Off                ; Off                ;
; Allow Any RAM Size For Recognition                               ; Off                ; Off                ;
; Allow Any ROM Size For Recognition                               ; Off                ; Off                ;
; Allow Any Shift Register Size For Recognition                    ; Off                ; Off                ;
; Use LogicLock Constraints during Resource Balancing              ; On                 ; On                 ;
; Ignore translate_off and synthesis_off directives                ; Off                ; Off                ;
; Timing-Driven Synthesis                                          ; On                 ; On                 ;
; Report Parameter Settings                                        ; On                 ; On                 ;
; Report Source Assignments                                        ; On                 ; On                 ;
; Report Connectivity Checks                                       ; On                 ; On                 ;
; Ignore Maximum Fan-Out Assignments                               ; Off                ; Off                ;
; Synchronization Register Chain Length                            ; 2                  ; 2                  ;
; Power Optimization During Synthesis                              ; Normal compilation ; Normal compilation ;
; HDL message level                                                ; Level2             ; Level2             ;
; Suppress Register Optimization Related Messages                  ; Off                ; Off                ;
; Number of Removed Registers Reported in Synthesis Report         ; 5000               ; 5000               ;
; Number of Swept Nodes Reported in Synthesis Report               ; 5000               ; 5000               ;
; Number of Inverted Registers Reported in Synthesis Report        ; 100                ; 100                ;
; Clock MUX Protection                                             ; On                 ; On                 ;
; Auto Gated Clock Conversion                                      ; Off                ; Off                ;
; Block Design Naming                                              ; Auto               ; Auto               ;
; SDC constraint protection                                        ; Off                ; Off                ;
; Synthesis Effort                                                 ; Auto               ; Auto               ;
; Shift Register Replacement - Allow Asynchronous Clear Signal     ; On                 ; On                 ;
; Pre-Mapping Resynthesis Optimization                             ; Off                ; Off                ;
; Analysis & Synthesis Message Level                               ; Medium             ; Medium             ;
; Disable Register Merging Across Hierarchies                      ; Auto               ; Auto               ;
; Resource Aware Inference For Block RAM                           ; On                 ; On                 ;
+------------------------------------------------------------------+--------------------+--------------------+


+------------------------------------------+
; Parallel Compilation                     ;
+----------------------------+-------------+
; Processors                 ; Number      ;
+----------------------------+-------------+
; Number detected on machine ; 8           ;
; Maximum allowed            ; 4           ;
;                            ;             ;
; Average used               ; 1.00        ;
; Maximum used               ; 1           ;
;                            ;             ;
; Usage by Processor         ; % Time Used ;
;     Processor 1            ; 100.0%      ;
+----------------------------+-------------+


+-------------------------------+
; Analysis & Synthesis Messages ;
+-------------------------------+
Info: *******************************************************************
Info: Running Quartus Prime Analysis & Synthesis
    Info: Version 20.1.0 Build 711 06/05/2020 SJ Lite Edition
    Info: Processing started: Wed Nov 04 11:58:22 2020
Info: Command: quartus_map --read_settings_files=on --write_settings_files=off task2 -c task2_top
Warning (18236): Number of processors has not been specified which may cause overloading on shared machines.  Set the global assignment NUM_PARALLEL_PROCESSORS in your QSF to an appropriate value for best performance.
Info (20030): Parallel compilation is enabled and will use 4 of the 4 processors detected
Info (12021): Found 1 design units, including 1 entities, in source file hex_to_7segsw9.v
    Info (12023): Found entity 1: hex_to_7seg File: C:/E2_CAS/Lab3/task2/hex_to_7segSW9.v Line: 1
Info (12021): Found 1 design units, including 1 entities, in source file task2_top.v
    Info (12023): Found entity 1: task2_top File: C:/E2_CAS/Lab3/task2/task2_top.v Line: 12
Info (12127): Elaborating entity "task2_top" for the top level hierarchy
Info (12128): Elaborating entity "hex_to_7seg" for hierarchy "hex_to_7seg:SEG0" File: C:/E2_CAS/Lab3/task2/task2_top.v Line: 25
Warning (10272): Verilog HDL Case Statement warning at hex_to_7segSW9.v(34): case item expression covers a value already covered by a previous case item File: C:/E2_CAS/Lab3/task2/hex_to_7segSW9.v Line: 34
Warning (10272): Verilog HDL Case Statement warning at hex_to_7segSW9.v(35): case item expression covers a value already covered by a previous case item File: C:/E2_CAS/Lab3/task2/hex_to_7segSW9.v Line: 35
Warning (10272): Verilog HDL Case Statement warning at hex_to_7segSW9.v(36): case item expression covers a value already covered by a previous case item File: C:/E2_CAS/Lab3/task2/hex_to_7segSW9.v Line: 36
Warning (10272): Verilog HDL Case Statement warning at hex_to_7segSW9.v(37): case item expression covers a value already covered by a previous case item File: C:/E2_CAS/Lab3/task2/hex_to_7segSW9.v Line: 37
Warning (10272): Verilog HDL Case Statement warning at hex_to_7segSW9.v(38): case item expression covers a value already covered by a previous case item File: C:/E2_CAS/Lab3/task2/hex_to_7segSW9.v Line: 38
Warning (10272): Verilog HDL Case Statement warning at hex_to_7segSW9.v(39): case item expression covers a value already covered by a previous case item File: C:/E2_CAS/Lab3/task2/hex_to_7segSW9.v Line: 39
Warning (10272): Verilog HDL Case Statement warning at hex_to_7segSW9.v(40): case item expression covers a value already covered by a previous case item File: C:/E2_CAS/Lab3/task2/hex_to_7segSW9.v Line: 40
Warning (10272): Verilog HDL Case Statement warning at hex_to_7segSW9.v(41): case item expression covers a value already covered by a previous case item File: C:/E2_CAS/Lab3/task2/hex_to_7segSW9.v Line: 41
Warning (10272): Verilog HDL Case Statement warning at hex_to_7segSW9.v(42): case item expression covers a value already covered by a previous case item File: C:/E2_CAS/Lab3/task2/hex_to_7segSW9.v Line: 42
Warning (10272): Verilog HDL Case Statement warning at hex_to_7segSW9.v(43): case item expression covers a value already covered by a previous case item File: C:/E2_CAS/Lab3/task2/hex_to_7segSW9.v Line: 43
Warning (10272): Verilog HDL Case Statement warning at hex_to_7segSW9.v(44): case item expression covers a value already covered by a previous case item File: C:/E2_CAS/Lab3/task2/hex_to_7segSW9.v Line: 44
Warning (10272): Verilog HDL Case Statement warning at hex_to_7segSW9.v(45): case item expression covers a value already covered by a previous case item File: C:/E2_CAS/Lab3/task2/hex_to_7segSW9.v Line: 45
Warning (10272): Verilog HDL Case Statement warning at hex_to_7segSW9.v(46): case item expression covers a value already covered by a previous case item File: C:/E2_CAS/Lab3/task2/hex_to_7segSW9.v Line: 46
Warning (10272): Verilog HDL Case Statement warning at hex_to_7segSW9.v(47): case item expression covers a value already covered by a previous case item File: C:/E2_CAS/Lab3/task2/hex_to_7segSW9.v Line: 47
Warning (10272): Verilog HDL Case Statement warning at hex_to_7segSW9.v(48): case item expression covers a value already covered by a previous case item File: C:/E2_CAS/Lab3/task2/hex_to_7segSW9.v Line: 48
Warning (10272): Verilog HDL Case Statement warning at hex_to_7segSW9.v(49): case item expression covers a value already covered by a previous case item File: C:/E2_CAS/Lab3/task2/hex_to_7segSW9.v Line: 49
Warning (10272): Verilog HDL Case Statement warning at hex_to_7segSW9.v(52): case item expression covers a value already covered by a previous case item File: C:/E2_CAS/Lab3/task2/hex_to_7segSW9.v Line: 52
Warning (10272): Verilog HDL Case Statement warning at hex_to_7segSW9.v(53): case item expression covers a value already covered by a previous case item File: C:/E2_CAS/Lab3/task2/hex_to_7segSW9.v Line: 53
Warning (10272): Verilog HDL Case Statement warning at hex_to_7segSW9.v(54): case item expression covers a value already covered by a previous case item File: C:/E2_CAS/Lab3/task2/hex_to_7segSW9.v Line: 54
Warning (10272): Verilog HDL Case Statement warning at hex_to_7segSW9.v(55): case item expression covers a value already covered by a previous case item File: C:/E2_CAS/Lab3/task2/hex_to_7segSW9.v Line: 55
Warning (10272): Verilog HDL Case Statement warning at hex_to_7segSW9.v(56): case item expression covers a value already covered by a previous case item File: C:/E2_CAS/Lab3/task2/hex_to_7segSW9.v Line: 56
Warning (10272): Verilog HDL Case Statement warning at hex_to_7segSW9.v(57): case item expression covers a value already covered by a previous case item File: C:/E2_CAS/Lab3/task2/hex_to_7segSW9.v Line: 57
Warning (10272): Verilog HDL Case Statement warning at hex_to_7segSW9.v(58): case item expression covers a value already covered by a previous case item File: C:/E2_CAS/Lab3/task2/hex_to_7segSW9.v Line: 58
Warning (10272): Verilog HDL Case Statement warning at hex_to_7segSW9.v(59): case item expression covers a value already covered by a previous case item File: C:/E2_CAS/Lab3/task2/hex_to_7segSW9.v Line: 59
Warning (10272): Verilog HDL Case Statement warning at hex_to_7segSW9.v(60): case item expression covers a value already covered by a previous case item File: C:/E2_CAS/Lab3/task2/hex_to_7segSW9.v Line: 60
Warning (10272): Verilog HDL Case Statement warning at hex_to_7segSW9.v(61): case item expression covers a value already covered by a previous case item File: C:/E2_CAS/Lab3/task2/hex_to_7segSW9.v Line: 61
Warning (10272): Verilog HDL Case Statement warning at hex_to_7segSW9.v(62): case item expression covers a value already covered by a previous case item File: C:/E2_CAS/Lab3/task2/hex_to_7segSW9.v Line: 62
Warning (10272): Verilog HDL Case Statement warning at hex_to_7segSW9.v(63): case item expression covers a value already covered by a previous case item File: C:/E2_CAS/Lab3/task2/hex_to_7segSW9.v Line: 63
Warning (10272): Verilog HDL Case Statement warning at hex_to_7segSW9.v(64): case item expression covers a value already covered by a previous case item File: C:/E2_CAS/Lab3/task2/hex_to_7segSW9.v Line: 64
Warning (10272): Verilog HDL Case Statement warning at hex_to_7segSW9.v(65): case item expression covers a value already covered by a previous case item File: C:/E2_CAS/Lab3/task2/hex_to_7segSW9.v Line: 65
Warning (10272): Verilog HDL Case Statement warning at hex_to_7segSW9.v(66): case item expression covers a value already covered by a previous case item File: C:/E2_CAS/Lab3/task2/hex_to_7segSW9.v Line: 66
Warning (10272): Verilog HDL Case Statement warning at hex_to_7segSW9.v(67): case item expression covers a value already covered by a previous case item File: C:/E2_CAS/Lab3/task2/hex_to_7segSW9.v Line: 67
Warning (10270): Verilog HDL Case Statement warning at hex_to_7segSW9.v(13): incomplete case statement has no default case item File: C:/E2_CAS/Lab3/task2/hex_to_7segSW9.v Line: 13
Warning (10240): Verilog HDL Always Construct warning at hex_to_7segSW9.v(13): inferring latch(es) for variable "out1", which holds its previous value in one or more paths through the always construct File: C:/E2_CAS/Lab3/task2/hex_to_7segSW9.v Line: 13
Warning (10240): Verilog HDL Always Construct warning at hex_to_7segSW9.v(13): inferring latch(es) for variable "out2", which holds its previous value in one or more paths through the always construct File: C:/E2_CAS/Lab3/task2/hex_to_7segSW9.v Line: 13
Warning (10240): Verilog HDL Always Construct warning at hex_to_7segSW9.v(13): inferring latch(es) for variable "out3", which holds its previous value in one or more paths through the always construct File: C:/E2_CAS/Lab3/task2/hex_to_7segSW9.v Line: 13
Info (10041): Inferred latch for "out3[0]" at hex_to_7segSW9.v(13) File: C:/E2_CAS/Lab3/task2/hex_to_7segSW9.v Line: 13
Info (10041): Inferred latch for "out3[1]" at hex_to_7segSW9.v(13) File: C:/E2_CAS/Lab3/task2/hex_to_7segSW9.v Line: 13
Info (10041): Inferred latch for "out3[2]" at hex_to_7segSW9.v(13) File: C:/E2_CAS/Lab3/task2/hex_to_7segSW9.v Line: 13
Info (10041): Inferred latch for "out3[3]" at hex_to_7segSW9.v(13) File: C:/E2_CAS/Lab3/task2/hex_to_7segSW9.v Line: 13
Info (10041): Inferred latch for "out3[4]" at hex_to_7segSW9.v(13) File: C:/E2_CAS/Lab3/task2/hex_to_7segSW9.v Line: 13
Info (10041): Inferred latch for "out3[5]" at hex_to_7segSW9.v(13) File: C:/E2_CAS/Lab3/task2/hex_to_7segSW9.v Line: 13
Info (10041): Inferred latch for "out3[6]" at hex_to_7segSW9.v(13) File: C:/E2_CAS/Lab3/task2/hex_to_7segSW9.v Line: 13
Info (10041): Inferred latch for "out2[0]" at hex_to_7segSW9.v(13) File: C:/E2_CAS/Lab3/task2/hex_to_7segSW9.v Line: 13
Info (10041): Inferred latch for "out2[1]" at hex_to_7segSW9.v(13) File: C:/E2_CAS/Lab3/task2/hex_to_7segSW9.v Line: 13
Info (10041): Inferred latch for "out2[2]" at hex_to_7segSW9.v(13) File: C:/E2_CAS/Lab3/task2/hex_to_7segSW9.v Line: 13
Info (10041): Inferred latch for "out2[3]" at hex_to_7segSW9.v(13) File: C:/E2_CAS/Lab3/task2/hex_to_7segSW9.v Line: 13
Info (10041): Inferred latch for "out2[4]" at hex_to_7segSW9.v(13) File: C:/E2_CAS/Lab3/task2/hex_to_7segSW9.v Line: 13
Info (10041): Inferred latch for "out2[5]" at hex_to_7segSW9.v(13) File: C:/E2_CAS/Lab3/task2/hex_to_7segSW9.v Line: 13
Info (10041): Inferred latch for "out2[6]" at hex_to_7segSW9.v(13) File: C:/E2_CAS/Lab3/task2/hex_to_7segSW9.v Line: 13
Info (10041): Inferred latch for "out1[0]" at hex_to_7segSW9.v(13) File: C:/E2_CAS/Lab3/task2/hex_to_7segSW9.v Line: 13
Info (10041): Inferred latch for "out1[1]" at hex_to_7segSW9.v(13) File: C:/E2_CAS/Lab3/task2/hex_to_7segSW9.v Line: 13
Info (10041): Inferred latch for "out1[2]" at hex_to_7segSW9.v(13) File: C:/E2_CAS/Lab3/task2/hex_to_7segSW9.v Line: 13
Info (10041): Inferred latch for "out1[3]" at hex_to_7segSW9.v(13) File: C:/E2_CAS/Lab3/task2/hex_to_7segSW9.v Line: 13
Info (10041): Inferred latch for "out1[4]" at hex_to_7segSW9.v(13) File: C:/E2_CAS/Lab3/task2/hex_to_7segSW9.v Line: 13
Info (10041): Inferred latch for "out1[5]" at hex_to_7segSW9.v(13) File: C:/E2_CAS/Lab3/task2/hex_to_7segSW9.v Line: 13
Info (10041): Inferred latch for "out1[6]" at hex_to_7segSW9.v(13) File: C:/E2_CAS/Lab3/task2/hex_to_7segSW9.v Line: 13
Error (12014): Net "HEX0[6]", which fans out to "HEX0[6]", cannot be assigned more than one value File: C:/E2_CAS/Lab3/task2/task2_top.v Line: 20
    Error (12015): Net is fed by "hex_to_7seg:SEG0|out1[6]" File: C:/E2_CAS/Lab3/task2/hex_to_7segSW9.v Line: 13
    Error (12015): Net is fed by "hex_to_7seg:SEG1|out1[6]" File: C:/E2_CAS/Lab3/task2/hex_to_7segSW9.v Line: 13
    Error (12015): Net is fed by "hex_to_7seg:SEG2|out1[6]" File: C:/E2_CAS/Lab3/task2/hex_to_7segSW9.v Line: 13
Error (12014): Net "HEX0[5]", which fans out to "HEX0[5]", cannot be assigned more than one value File: C:/E2_CAS/Lab3/task2/task2_top.v Line: 20
    Error (12015): Net is fed by "hex_to_7seg:SEG0|out1[5]" File: C:/E2_CAS/Lab3/task2/hex_to_7segSW9.v Line: 13
    Error (12015): Net is fed by "hex_to_7seg:SEG1|out1[5]" File: C:/E2_CAS/Lab3/task2/hex_to_7segSW9.v Line: 13
    Error (12015): Net is fed by "hex_to_7seg:SEG2|out1[5]" File: C:/E2_CAS/Lab3/task2/hex_to_7segSW9.v Line: 13
Error (12014): Net "HEX0[4]", which fans out to "HEX0[4]", cannot be assigned more than one value File: C:/E2_CAS/Lab3/task2/task2_top.v Line: 20
    Error (12015): Net is fed by "hex_to_7seg:SEG0|out1[4]" File: C:/E2_CAS/Lab3/task2/hex_to_7segSW9.v Line: 13
    Error (12015): Net is fed by "hex_to_7seg:SEG1|out1[4]" File: C:/E2_CAS/Lab3/task2/hex_to_7segSW9.v Line: 13
    Error (12015): Net is fed by "hex_to_7seg:SEG2|out1[4]" File: C:/E2_CAS/Lab3/task2/hex_to_7segSW9.v Line: 13
Error (12014): Net "HEX0[3]", which fans out to "HEX0[3]", cannot be assigned more than one value File: C:/E2_CAS/Lab3/task2/task2_top.v Line: 20
    Error (12015): Net is fed by "hex_to_7seg:SEG0|out1[3]" File: C:/E2_CAS/Lab3/task2/hex_to_7segSW9.v Line: 13
    Error (12015): Net is fed by "hex_to_7seg:SEG1|out1[3]" File: C:/E2_CAS/Lab3/task2/hex_to_7segSW9.v Line: 13
    Error (12015): Net is fed by "hex_to_7seg:SEG2|out1[3]" File: C:/E2_CAS/Lab3/task2/hex_to_7segSW9.v Line: 13
Error (12014): Net "HEX0[2]", which fans out to "HEX0[2]", cannot be assigned more than one value File: C:/E2_CAS/Lab3/task2/task2_top.v Line: 20
    Error (12015): Net is fed by "hex_to_7seg:SEG0|out1[2]" File: C:/E2_CAS/Lab3/task2/hex_to_7segSW9.v Line: 13
    Error (12015): Net is fed by "hex_to_7seg:SEG1|out1[2]" File: C:/E2_CAS/Lab3/task2/hex_to_7segSW9.v Line: 13
    Error (12015): Net is fed by "hex_to_7seg:SEG2|out1[2]" File: C:/E2_CAS/Lab3/task2/hex_to_7segSW9.v Line: 13
Error (12014): Net "HEX0[1]", which fans out to "HEX0[1]", cannot be assigned more than one value File: C:/E2_CAS/Lab3/task2/task2_top.v Line: 20
    Error (12015): Net is fed by "hex_to_7seg:SEG0|out1[1]" File: C:/E2_CAS/Lab3/task2/hex_to_7segSW9.v Line: 13
    Error (12015): Net is fed by "hex_to_7seg:SEG1|out1[1]" File: C:/E2_CAS/Lab3/task2/hex_to_7segSW9.v Line: 13
    Error (12015): Net is fed by "hex_to_7seg:SEG2|out1[1]" File: C:/E2_CAS/Lab3/task2/hex_to_7segSW9.v Line: 13
Error (12014): Net "HEX0[0]", which fans out to "HEX0[0]", cannot be assigned more than one value File: C:/E2_CAS/Lab3/task2/task2_top.v Line: 20
    Error (12015): Net is fed by "hex_to_7seg:SEG0|out1[0]" File: C:/E2_CAS/Lab3/task2/hex_to_7segSW9.v Line: 13
    Error (12015): Net is fed by "hex_to_7seg:SEG1|out1[0]" File: C:/E2_CAS/Lab3/task2/hex_to_7segSW9.v Line: 13
    Error (12015): Net is fed by "hex_to_7seg:SEG2|out1[0]" File: C:/E2_CAS/Lab3/task2/hex_to_7segSW9.v Line: 13
Error (12014): Net "HEX1[6]", which fans out to "HEX1[6]", cannot be assigned more than one value File: C:/E2_CAS/Lab3/task2/task2_top.v Line: 21
    Error (12015): Net is fed by "hex_to_7seg:SEG0|out2[6]" File: C:/E2_CAS/Lab3/task2/hex_to_7segSW9.v Line: 13
    Error (12015): Net is fed by "hex_to_7seg:SEG1|out2[6]" File: C:/E2_CAS/Lab3/task2/hex_to_7segSW9.v Line: 13
    Error (12015): Net is fed by "hex_to_7seg:SEG2|out2[6]" File: C:/E2_CAS/Lab3/task2/hex_to_7segSW9.v Line: 13
Error (12014): Net "HEX1[5]", which fans out to "HEX1[5]", cannot be assigned more than one value File: C:/E2_CAS/Lab3/task2/task2_top.v Line: 21
    Error (12015): Net is fed by "hex_to_7seg:SEG0|out2[5]" File: C:/E2_CAS/Lab3/task2/hex_to_7segSW9.v Line: 13
    Error (12015): Net is fed by "hex_to_7seg:SEG1|out2[5]" File: C:/E2_CAS/Lab3/task2/hex_to_7segSW9.v Line: 13
    Error (12015): Net is fed by "hex_to_7seg:SEG2|out2[5]" File: C:/E2_CAS/Lab3/task2/hex_to_7segSW9.v Line: 13
Error (12014): Net "HEX1[4]", which fans out to "HEX1[4]", cannot be assigned more than one value File: C:/E2_CAS/Lab3/task2/task2_top.v Line: 21
    Error (12015): Net is fed by "hex_to_7seg:SEG0|out2[4]" File: C:/E2_CAS/Lab3/task2/hex_to_7segSW9.v Line: 13
    Error (12015): Net is fed by "hex_to_7seg:SEG1|out2[4]" File: C:/E2_CAS/Lab3/task2/hex_to_7segSW9.v Line: 13
    Error (12015): Net is fed by "hex_to_7seg:SEG2|out2[4]" File: C:/E2_CAS/Lab3/task2/hex_to_7segSW9.v Line: 13
Error (12014): Net "HEX1[3]", which fans out to "HEX1[3]", cannot be assigned more than one value File: C:/E2_CAS/Lab3/task2/task2_top.v Line: 21
    Error (12015): Net is fed by "hex_to_7seg:SEG0|out2[3]" File: C:/E2_CAS/Lab3/task2/hex_to_7segSW9.v Line: 13
    Error (12015): Net is fed by "hex_to_7seg:SEG1|out2[3]" File: C:/E2_CAS/Lab3/task2/hex_to_7segSW9.v Line: 13
    Error (12015): Net is fed by "hex_to_7seg:SEG2|out2[3]" File: C:/E2_CAS/Lab3/task2/hex_to_7segSW9.v Line: 13
Error (12014): Net "HEX1[2]", which fans out to "HEX1[2]", cannot be assigned more than one value File: C:/E2_CAS/Lab3/task2/task2_top.v Line: 21
    Error (12015): Net is fed by "hex_to_7seg:SEG0|out2[2]" File: C:/E2_CAS/Lab3/task2/hex_to_7segSW9.v Line: 13
    Error (12015): Net is fed by "hex_to_7seg:SEG1|out2[2]" File: C:/E2_CAS/Lab3/task2/hex_to_7segSW9.v Line: 13
    Error (12015): Net is fed by "hex_to_7seg:SEG2|out2[2]" File: C:/E2_CAS/Lab3/task2/hex_to_7segSW9.v Line: 13
Error (12014): Net "HEX1[1]", which fans out to "HEX1[1]", cannot be assigned more than one value File: C:/E2_CAS/Lab3/task2/task2_top.v Line: 21
    Error (12015): Net is fed by "hex_to_7seg:SEG0|out2[1]" File: C:/E2_CAS/Lab3/task2/hex_to_7segSW9.v Line: 13
    Error (12015): Net is fed by "hex_to_7seg:SEG1|out2[1]" File: C:/E2_CAS/Lab3/task2/hex_to_7segSW9.v Line: 13
    Error (12015): Net is fed by "hex_to_7seg:SEG2|out2[1]" File: C:/E2_CAS/Lab3/task2/hex_to_7segSW9.v Line: 13
Error (12014): Net "HEX1[0]", which fans out to "HEX1[0]", cannot be assigned more than one value File: C:/E2_CAS/Lab3/task2/task2_top.v Line: 21
    Error (12015): Net is fed by "hex_to_7seg:SEG0|out2[0]" File: C:/E2_CAS/Lab3/task2/hex_to_7segSW9.v Line: 13
    Error (12015): Net is fed by "hex_to_7seg:SEG1|out2[0]" File: C:/E2_CAS/Lab3/task2/hex_to_7segSW9.v Line: 13
    Error (12015): Net is fed by "hex_to_7seg:SEG2|out2[0]" File: C:/E2_CAS/Lab3/task2/hex_to_7segSW9.v Line: 13
Error (12014): Net "HEX2[6]", which fans out to "HEX2[6]", cannot be assigned more than one value File: C:/E2_CAS/Lab3/task2/task2_top.v Line: 22
    Error (12015): Net is fed by "hex_to_7seg:SEG0|out3[6]" File: C:/E2_CAS/Lab3/task2/hex_to_7segSW9.v Line: 13
    Error (12015): Net is fed by "hex_to_7seg:SEG1|out3[6]" File: C:/E2_CAS/Lab3/task2/hex_to_7segSW9.v Line: 13
    Error (12015): Net is fed by "hex_to_7seg:SEG2|out3[6]" File: C:/E2_CAS/Lab3/task2/hex_to_7segSW9.v Line: 13
Error (12014): Net "HEX2[5]", which fans out to "HEX2[5]", cannot be assigned more than one value File: C:/E2_CAS/Lab3/task2/task2_top.v Line: 22
    Error (12015): Net is fed by "hex_to_7seg:SEG0|out3[5]" File: C:/E2_CAS/Lab3/task2/hex_to_7segSW9.v Line: 13
    Error (12015): Net is fed by "hex_to_7seg:SEG1|out3[5]" File: C:/E2_CAS/Lab3/task2/hex_to_7segSW9.v Line: 13
    Error (12015): Net is fed by "hex_to_7seg:SEG2|out3[5]" File: C:/E2_CAS/Lab3/task2/hex_to_7segSW9.v Line: 13
Error (12014): Net "HEX2[4]", which fans out to "HEX2[4]", cannot be assigned more than one value File: C:/E2_CAS/Lab3/task2/task2_top.v Line: 22
    Error (12015): Net is fed by "hex_to_7seg:SEG0|out3[4]" File: C:/E2_CAS/Lab3/task2/hex_to_7segSW9.v Line: 13
    Error (12015): Net is fed by "hex_to_7seg:SEG1|out3[4]" File: C:/E2_CAS/Lab3/task2/hex_to_7segSW9.v Line: 13
    Error (12015): Net is fed by "hex_to_7seg:SEG2|out3[4]" File: C:/E2_CAS/Lab3/task2/hex_to_7segSW9.v Line: 13
Error (12014): Net "HEX2[3]", which fans out to "HEX2[3]", cannot be assigned more than one value File: C:/E2_CAS/Lab3/task2/task2_top.v Line: 22
    Error (12015): Net is fed by "hex_to_7seg:SEG0|out3[3]" File: C:/E2_CAS/Lab3/task2/hex_to_7segSW9.v Line: 13
    Error (12015): Net is fed by "hex_to_7seg:SEG1|out3[3]" File: C:/E2_CAS/Lab3/task2/hex_to_7segSW9.v Line: 13
    Error (12015): Net is fed by "hex_to_7seg:SEG2|out3[3]" File: C:/E2_CAS/Lab3/task2/hex_to_7segSW9.v Line: 13
Error (12014): Net "HEX2[2]", which fans out to "HEX2[2]", cannot be assigned more than one value File: C:/E2_CAS/Lab3/task2/task2_top.v Line: 22
    Error (12015): Net is fed by "hex_to_7seg:SEG0|out3[2]" File: C:/E2_CAS/Lab3/task2/hex_to_7segSW9.v Line: 13
    Error (12015): Net is fed by "hex_to_7seg:SEG1|out3[2]" File: C:/E2_CAS/Lab3/task2/hex_to_7segSW9.v Line: 13
    Error (12015): Net is fed by "hex_to_7seg:SEG2|out3[2]" File: C:/E2_CAS/Lab3/task2/hex_to_7segSW9.v Line: 13
Error (12014): Net "HEX2[1]", which fans out to "HEX2[1]", cannot be assigned more than one value File: C:/E2_CAS/Lab3/task2/task2_top.v Line: 22
    Error (12015): Net is fed by "hex_to_7seg:SEG0|out3[1]" File: C:/E2_CAS/Lab3/task2/hex_to_7segSW9.v Line: 13
    Error (12015): Net is fed by "hex_to_7seg:SEG1|out3[1]" File: C:/E2_CAS/Lab3/task2/hex_to_7segSW9.v Line: 13
    Error (12015): Net is fed by "hex_to_7seg:SEG2|out3[1]" File: C:/E2_CAS/Lab3/task2/hex_to_7segSW9.v Line: 13
Error (12014): Net "HEX2[0]", which fans out to "HEX2[0]", cannot be assigned more than one value File: C:/E2_CAS/Lab3/task2/task2_top.v Line: 22
    Error (12015): Net is fed by "hex_to_7seg:SEG0|out3[0]" File: C:/E2_CAS/Lab3/task2/hex_to_7segSW9.v Line: 13
    Error (12015): Net is fed by "hex_to_7seg:SEG1|out3[0]" File: C:/E2_CAS/Lab3/task2/hex_to_7segSW9.v Line: 13
    Error (12015): Net is fed by "hex_to_7seg:SEG2|out3[0]" File: C:/E2_CAS/Lab3/task2/hex_to_7segSW9.v Line: 13
Error: Quartus Prime Analysis & Synthesis was unsuccessful. 84 errors, 37 warnings
    Error: Peak virtual memory: 4713 megabytes
    Error: Processing ended: Wed Nov 04 11:58:29 2020
    Error: Elapsed time: 00:00:07
    Error: Total CPU time (on all processors): 00:00:18


