Analysis & Synthesis report for Lab7Challenge4_top
Thu Dec 10 00:07:09 2020
Quartus Prime Version 20.1.0 Build 711 06/05/2020 SJ Lite Edition


---------------------
; Table of Contents ;
---------------------
  1. Legal Notice
  2. Analysis & Synthesis Summary
  3. Analysis & Synthesis Settings
  4. Parallel Compilation
  5. Analysis & Synthesis Source Files Read
  6. Analysis & Synthesis Resource Usage Summary
  7. Analysis & Synthesis Resource Utilization by Entity
  8. State Machine - |Lab7Challenge4_top|FSM:fsm|state
  9. User-Specified and Inferred Latches
 10. Registers Removed During Synthesis
 11. General Register Statistics
 12. Inverted Register Statistics
 13. Multiplexer Restructuring Statistics (Restructuring Performed)
 14. Parameter Settings for User Entity Instance: clktick_1ms:msClk
 15. Parameter Settings for User Entity Instance: clktick_halfsec:half_secClk
 16. Parameter Settings for User Entity Instance: FSM:fsm
 17. Port Connectivity Checks: "bin2bcd_16:Converter"
 18. Port Connectivity Checks: "clktick_1ms:msClk"
 19. Post-Synthesis Netlist Statistics for Top Partition
 20. Elapsed Time Per Partition
 21. Analysis & Synthesis Messages
 22. Analysis & Synthesis Suppressed Messages



----------------
; Legal Notice ;
----------------
Copyright (C) 2020  Intel Corporation. All rights reserved.
Your use of Intel Corporation's design tools, logic functions 
and other software and tools, and any partner logic 
functions, and any output files from any of the foregoing 
(including device programming or simulation files), and any 
associated documentation or information are expressly subject 
to the terms and conditions of the Intel Program License 
Subscription Agreement, the Intel Quartus Prime License Agreement,
the Intel FPGA IP License Agreement, or other applicable license
agreement, including, without limitation, that your use is for
the sole purpose of programming logic devices manufactured by
Intel and sold by Intel or its authorized distributors.  Please
refer to the applicable agreement for further details, at
https://fpgasoftware.intel.com/eula.



+----------------------------------------------------------------------------------+
; Analysis & Synthesis Summary                                                     ;
+------------------------------------+---------------------------------------------+
; Analysis & Synthesis Status        ; Successful - Thu Dec 10 00:07:09 2020       ;
; Quartus Prime Version              ; 20.1.0 Build 711 06/05/2020 SJ Lite Edition ;
; Revision Name                      ; Lab7Challenge4_top                          ;
; Top-level Entity Name              ; Lab7Challenge4_top                          ;
; Family                             ; MAX 10                                      ;
; Total logic elements               ; 243                                         ;
;     Total combinational functions  ; 223                                         ;
;     Dedicated logic registers      ; 76                                          ;
; Total registers                    ; 76                                          ;
; Total pins                         ; 48                                          ;
; Total virtual pins                 ; 0                                           ;
; Total memory bits                  ; 0                                           ;
; Embedded Multiplier 9-bit elements ; 0                                           ;
; Total PLLs                         ; 0                                           ;
; UFM blocks                         ; 0                                           ;
; ADC blocks                         ; 0                                           ;
+------------------------------------+---------------------------------------------+


+------------------------------------------------------------------------------------------------------------+
; Analysis & Synthesis Settings                                                                              ;
+------------------------------------------------------------------+--------------------+--------------------+
; Option                                                           ; Setting            ; Default Value      ;
+------------------------------------------------------------------+--------------------+--------------------+
; Device                                                           ; 10M50DAF484C7G     ;                    ;
; Top-level entity name                                            ; Lab7Challenge4_top ; Lab7Challenge4_top ;
; Family name                                                      ; MAX 10             ; Cyclone V          ;
; Use smart compilation                                            ; Off                ; Off                ;
; Enable parallel Assembler and Timing Analyzer during compilation ; On                 ; On                 ;
; Enable compact report table                                      ; Off                ; Off                ;
; Restructure Multiplexers                                         ; Auto               ; Auto               ;
; Create Debugging Nodes for IP Cores                              ; Off                ; Off                ;
; Preserve fewer node names                                        ; On                 ; On                 ;
; Intel FPGA IP Evaluation Mode                                    ; Enable             ; Enable             ;
; Verilog Version                                                  ; Verilog_2001       ; Verilog_2001       ;
; VHDL Version                                                     ; VHDL_1993          ; VHDL_1993          ;
; State Machine Processing                                         ; Auto               ; Auto               ;
; Safe State Machine                                               ; Off                ; Off                ;
; Extract Verilog State Machines                                   ; On                 ; On                 ;
; Extract VHDL State Machines                                      ; On                 ; On                 ;
; Ignore Verilog initial constructs                                ; Off                ; Off                ;
; Iteration limit for constant Verilog loops                       ; 5000               ; 5000               ;
; Iteration limit for non-constant Verilog loops                   ; 250                ; 250                ;
; Add Pass-Through Logic to Inferred RAMs                          ; On                 ; On                 ;
; Infer RAMs from Raw Logic                                        ; On                 ; On                 ;
; Parallel Synthesis                                               ; On                 ; On                 ;
; DSP Block Balancing                                              ; Auto               ; Auto               ;
; NOT Gate Push-Back                                               ; On                 ; On                 ;
; Power-Up Don't Care                                              ; On                 ; On                 ;
; Remove Redundant Logic Cells                                     ; Off                ; Off                ;
; Remove Duplicate Registers                                       ; On                 ; On                 ;
; Ignore CARRY Buffers                                             ; Off                ; Off                ;
; Ignore CASCADE Buffers                                           ; Off                ; Off                ;
; Ignore GLOBAL Buffers                                            ; Off                ; Off                ;
; Ignore ROW GLOBAL Buffers                                        ; Off                ; Off                ;
; Ignore LCELL Buffers                                             ; Off                ; Off                ;
; Ignore SOFT Buffers                                              ; On                 ; On                 ;
; Limit AHDL Integers to 32 Bits                                   ; Off                ; Off                ;
; Optimization Technique                                           ; Balanced           ; Balanced           ;
; Carry Chain Length                                               ; 70                 ; 70                 ;
; Auto Carry Chains                                                ; On                 ; On                 ;
; Auto Open-Drain Pins                                             ; On                 ; On                 ;
; Perform WYSIWYG Primitive Resynthesis                            ; Off                ; Off                ;
; Auto ROM Replacement                                             ; On                 ; On                 ;
; Auto RAM Replacement                                             ; On                 ; On                 ;
; Auto DSP Block Replacement                                       ; On                 ; On                 ;
; Auto Shift Register Replacement                                  ; Auto               ; Auto               ;
; Allow Shift Register Merging across Hierarchies                  ; Auto               ; Auto               ;
; Auto Clock Enable Replacement                                    ; On                 ; On                 ;
; Strict RAM Replacement                                           ; Off                ; Off                ;
; Allow Synchronous Control Signals                                ; On                 ; On                 ;
; Force Use of Synchronous Clear Signals                           ; Off                ; Off                ;
; Auto RAM Block Balancing                                         ; On                 ; On                 ;
; Auto RAM to Logic Cell Conversion                                ; Off                ; Off                ;
; Auto Resource Sharing                                            ; Off                ; Off                ;
; Allow Any RAM Size For Recognition                               ; Off                ; Off                ;
; Allow Any ROM Size For Recognition                               ; Off                ; Off                ;
; Allow Any Shift Register Size For Recognition                    ; Off                ; Off                ;
; Use LogicLock Constraints during Resource Balancing              ; On                 ; On                 ;
; Ignore translate_off and synthesis_off directives                ; Off                ; Off                ;
; Timing-Driven Synthesis                                          ; On                 ; On                 ;
; Report Parameter Settings                                        ; On                 ; On                 ;
; Report Source Assignments                                        ; On                 ; On                 ;
; Report Connectivity Checks                                       ; On                 ; On                 ;
; Ignore Maximum Fan-Out Assignments                               ; Off                ; Off                ;
; Synchronization Register Chain Length                            ; 2                  ; 2                  ;
; Power Optimization During Synthesis                              ; Normal compilation ; Normal compilation ;
; HDL message level                                                ; Level2             ; Level2             ;
; Suppress Register Optimization Related Messages                  ; Off                ; Off                ;
; Number of Removed Registers Reported in Synthesis Report         ; 5000               ; 5000               ;
; Number of Swept Nodes Reported in Synthesis Report               ; 5000               ; 5000               ;
; Number of Inverted Registers Reported in Synthesis Report        ; 100                ; 100                ;
; Clock MUX Protection                                             ; On                 ; On                 ;
; Auto Gated Clock Conversion                                      ; Off                ; Off                ;
; Block Design Naming                                              ; Auto               ; Auto               ;
; SDC constraint protection                                        ; Off                ; Off                ;
; Synthesis Effort                                                 ; Auto               ; Auto               ;
; Shift Register Replacement - Allow Asynchronous Clear Signal     ; On                 ; On                 ;
; Pre-Mapping Resynthesis Optimization                             ; Off                ; Off                ;
; Analysis & Synthesis Message Level                               ; Medium             ; Medium             ;
; Disable Register Merging Across Hierarchies                      ; Auto               ; Auto               ;
; Resource Aware Inference For Block RAM                           ; On                 ; On                 ;
+------------------------------------------------------------------+--------------------+--------------------+


+------------------------------------------+
; Parallel Compilation                     ;
+----------------------------+-------------+
; Processors                 ; Number      ;
+----------------------------+-------------+
; Number detected on machine ; 8           ;
; Maximum allowed            ; 4           ;
;                            ;             ;
; Average used               ; 1.00        ;
; Maximum used               ; 4           ;
;                            ;             ;
; Usage by Processor         ; % Time Used ;
;     Processor 1            ; 100.0%      ;
;     Processors 2-4         ;   0.0%      ;
+----------------------------+-------------+


+----------------------------------------------------------------------------------------------------------------------------------------+
; Analysis & Synthesis Source Files Read                                                                                                 ;
+----------------------------------+-----------------+------------------------+------------------------------------------------+---------+
; File Name with User-Entered Path ; Used in Netlist ; File Type              ; File Name with Absolute Path                   ; Library ;
+----------------------------------+-----------------+------------------------+------------------------------------------------+---------+
; clktick_halfsec.v                ; yes             ; User Verilog HDL File  ; C:/E2_CAS/Lab7/Challenge4/clktick_halfsec.v    ;         ;
; clktick_1ms.v                    ; yes             ; User Verilog HDL File  ; C:/E2_CAS/Lab7/Challenge4/clktick_1ms.v        ;         ;
; hex_to_7seg.v                    ; yes             ; User Verilog HDL File  ; C:/E2_CAS/Lab7/Challenge4/hex_to_7seg.v        ;         ;
; bin2bcd_16.v                     ; yes             ; User Verilog HDL File  ; C:/E2_CAS/Lab7/Challenge4/bin2bcd_16.v         ;         ;
; FSM.v                            ; yes             ; User Verilog HDL File  ; C:/E2_CAS/Lab7/Challenge4/FSM.v                ;         ;
; Lab7Challenge4_top.v             ; yes             ; User Verilog HDL File  ; C:/E2_CAS/Lab7/Challenge4/Lab7Challenge4_top.v ;         ;
; delay.v                          ; yes             ; User Verilog HDL File  ; C:/E2_CAS/Lab7/Challenge4/delay.v              ;         ;
; LFSR.v                           ; yes             ; User Verilog HDL File  ; C:/E2_CAS/Lab7/Challenge4/LFSR.v               ;         ;
+----------------------------------+-----------------+------------------------+------------------------------------------------+---------+


+----------------------------------------------------------------------+
; Analysis & Synthesis Resource Usage Summary                          ;
+---------------------------------------------+------------------------+
; Resource                                    ; Usage                  ;
+---------------------------------------------+------------------------+
; Estimated Total logic elements              ; 243                    ;
;                                             ;                        ;
; Total combinational functions               ; 223                    ;
; Logic element usage by number of LUT inputs ;                        ;
;     -- 4 input functions                    ; 131                    ;
;     -- 3 input functions                    ; 18                     ;
;     -- <=2 input functions                  ; 74                     ;
;                                             ;                        ;
; Logic elements by mode                      ;                        ;
;     -- normal mode                          ; 180                    ;
;     -- arithmetic mode                      ; 43                     ;
;                                             ;                        ;
; Total registers                             ; 76                     ;
;     -- Dedicated logic registers            ; 76                     ;
;     -- I/O registers                        ; 0                      ;
;                                             ;                        ;
; I/O pins                                    ; 48                     ;
;                                             ;                        ;
; Embedded Multiplier 9-bit elements          ; 0                      ;
;                                             ;                        ;
; Maximum fan-out node                        ; clktick_1ms:msClk|tick ;
; Maximum fan-out                             ; 59                     ;
; Total fan-out                               ; 999                    ;
; Average fan-out                             ; 2.53                   ;
+---------------------------------------------+------------------------+


+-----------------------------------------------------------------------------------------------------------------------------------------------------------------------------------------------------------------------------------------------------------------------------+
; Analysis & Synthesis Resource Utilization by Entity                                                                                                                                                                                                                         ;
+----------------------------------+---------------------+---------------------------+-------------+------------+--------------+---------+-----------+------+--------------+------------+-------------------------------------------------+--------------------+--------------+
; Compilation Hierarchy Node       ; Combinational ALUTs ; Dedicated Logic Registers ; Memory Bits ; UFM Blocks ; DSP Elements ; DSP 9x9 ; DSP 18x18 ; Pins ; Virtual Pins ; ADC blocks ; Full Hierarchy Name                             ; Entity Name        ; Library Name ;
+----------------------------------+---------------------+---------------------------+-------------+------------+--------------+---------+-----------+------+--------------+------------+-------------------------------------------------+--------------------+--------------+
; |Lab7Challenge4_top              ; 223 (0)             ; 76 (0)                    ; 0           ; 0          ; 0            ; 0       ; 0         ; 48   ; 0            ; 0          ; |Lab7Challenge4_top                             ; Lab7Challenge4_top ; work         ;
;    |DELAY:Delay|                 ; 34 (34)             ; 22 (22)                   ; 0           ; 0          ; 0            ; 0       ; 0         ; 0    ; 0            ; 0          ; |Lab7Challenge4_top|DELAY:Delay                 ; DELAY              ; work         ;
;    |FSM:fsm|                     ; 20 (20)             ; 13 (13)                   ; 0           ; 0          ; 0            ; 0       ; 0         ; 0    ; 0            ; 0          ; |Lab7Challenge4_top|FSM:fsm                     ; FSM                ; work         ;
;    |LFSR:Random|                 ; 2 (2)               ; 7 (7)                     ; 0           ; 0          ; 0            ; 0       ; 0         ; 0    ; 0            ; 0          ; |Lab7Challenge4_top|LFSR:Random                 ; LFSR               ; work         ;
;    |bin2bcd_16:Converter|        ; 79 (79)             ; 0 (0)                     ; 0           ; 0          ; 0            ; 0       ; 0         ; 0    ; 0            ; 0          ; |Lab7Challenge4_top|bin2bcd_16:Converter        ; bin2bcd_16         ; work         ;
;    |clktick_1ms:msClk|           ; 28 (28)             ; 17 (17)                   ; 0           ; 0          ; 0            ; 0       ; 0         ; 0    ; 0            ; 0          ; |Lab7Challenge4_top|clktick_1ms:msClk           ; clktick_1ms        ; work         ;
;    |clktick_halfsec:half_secClk| ; 30 (30)             ; 17 (17)                   ; 0           ; 0          ; 0            ; 0       ; 0         ; 0    ; 0            ; 0          ; |Lab7Challenge4_top|clktick_halfsec:half_secClk ; clktick_halfsec    ; work         ;
;    |hex_to_7seg:SEG0|            ; 5 (5)               ; 0 (0)                     ; 0           ; 0          ; 0            ; 0       ; 0         ; 0    ; 0            ; 0          ; |Lab7Challenge4_top|hex_to_7seg:SEG0            ; hex_to_7seg        ; work         ;
;    |hex_to_7seg:SEG1|            ; 7 (7)               ; 0 (0)                     ; 0           ; 0          ; 0            ; 0       ; 0         ; 0    ; 0            ; 0          ; |Lab7Challenge4_top|hex_to_7seg:SEG1            ; hex_to_7seg        ; work         ;
;    |hex_to_7seg:SEG2|            ; 7 (7)               ; 0 (0)                     ; 0           ; 0          ; 0            ; 0       ; 0         ; 0    ; 0            ; 0          ; |Lab7Challenge4_top|hex_to_7seg:SEG2            ; hex_to_7seg        ; work         ;
;    |hex_to_7seg:SEG3|            ; 7 (7)               ; 0 (0)                     ; 0           ; 0          ; 0            ; 0       ; 0         ; 0    ; 0            ; 0          ; |Lab7Challenge4_top|hex_to_7seg:SEG3            ; hex_to_7seg        ; work         ;
;    |hex_to_7seg:SEG4|            ; 4 (4)               ; 0 (0)                     ; 0           ; 0          ; 0            ; 0       ; 0         ; 0    ; 0            ; 0          ; |Lab7Challenge4_top|hex_to_7seg:SEG4            ; hex_to_7seg        ; work         ;
+----------------------------------+---------------------+---------------------------+-------------+------------+--------------+---------+-----------+------+--------------+------------+-------------------------------------------------+--------------------+--------------+
Note: For table entries with two numbers listed, the numbers in parentheses indicate the number of resources of the given type used by the specific entity alone. The numbers listed outside of parentheses indicate the total resources of the given type used by the specific entity and all of its sub-entities in the hierarchy.


Encoding Type:  One-Hot
+-------------------------------------------------------------------------------------------------------------------------------------------------------------------------------------+
; State Machine - |Lab7Challenge4_top|FSM:fsm|state                                                                                                                                   ;
+------------+------------+------------+------------+------------+------------+------------+------------+------------+------------+------------+------------+------------+------------+
; Name       ; state.SHUT ; state.HOLD ; state.LED0 ; state.LED1 ; state.LED2 ; state.LED3 ; state.LED4 ; state.LED5 ; state.LED6 ; state.LED7 ; state.LED8 ; state.LED9 ; state.IDLE ;
+------------+------------+------------+------------+------------+------------+------------+------------+------------+------------+------------+------------+------------+------------+
; state.IDLE ; 0          ; 0          ; 0          ; 0          ; 0          ; 0          ; 0          ; 0          ; 0          ; 0          ; 0          ; 0          ; 0          ;
; state.LED9 ; 0          ; 0          ; 0          ; 0          ; 0          ; 0          ; 0          ; 0          ; 0          ; 0          ; 0          ; 1          ; 1          ;
; state.LED8 ; 0          ; 0          ; 0          ; 0          ; 0          ; 0          ; 0          ; 0          ; 0          ; 0          ; 1          ; 0          ; 1          ;
; state.LED7 ; 0          ; 0          ; 0          ; 0          ; 0          ; 0          ; 0          ; 0          ; 0          ; 1          ; 0          ; 0          ; 1          ;
; state.LED6 ; 0          ; 0          ; 0          ; 0          ; 0          ; 0          ; 0          ; 0          ; 1          ; 0          ; 0          ; 0          ; 1          ;
; state.LED5 ; 0          ; 0          ; 0          ; 0          ; 0          ; 0          ; 0          ; 1          ; 0          ; 0          ; 0          ; 0          ; 1          ;
; state.LED4 ; 0          ; 0          ; 0          ; 0          ; 0          ; 0          ; 1          ; 0          ; 0          ; 0          ; 0          ; 0          ; 1          ;
; state.LED3 ; 0          ; 0          ; 0          ; 0          ; 0          ; 1          ; 0          ; 0          ; 0          ; 0          ; 0          ; 0          ; 1          ;
; state.LED2 ; 0          ; 0          ; 0          ; 0          ; 1          ; 0          ; 0          ; 0          ; 0          ; 0          ; 0          ; 0          ; 1          ;
; state.LED1 ; 0          ; 0          ; 0          ; 1          ; 0          ; 0          ; 0          ; 0          ; 0          ; 0          ; 0          ; 0          ; 1          ;
; state.LED0 ; 0          ; 0          ; 1          ; 0          ; 0          ; 0          ; 0          ; 0          ; 0          ; 0          ; 0          ; 0          ; 1          ;
; state.HOLD ; 0          ; 1          ; 0          ; 0          ; 0          ; 0          ; 0          ; 0          ; 0          ; 0          ; 0          ; 0          ; 1          ;
; state.SHUT ; 1          ; 0          ; 0          ; 0          ; 0          ; 0          ; 0          ; 0          ; 0          ; 0          ; 0          ; 0          ; 1          ;
+------------+------------+------------+------------+------------+------------+------------+------------+------------+------------+------------+------------+------------+------------+


+---------------------------------------------------------------------------------------------------+
; User-Specified and Inferred Latches                                                               ;
+----------------------------------------------------+---------------------+------------------------+
; Latch Name                                         ; Latch Enable Signal ; Free of Timing Hazards ;
+----------------------------------------------------+---------------------+------------------------+
; FSM:fsm|start_delay                                ; FSM:fsm|WideOr8     ; yes                    ;
; Number of user-specified and inferred latches = 1  ;                     ;                        ;
+----------------------------------------------------+---------------------+------------------------+
Note: All latches listed above may not be present at the end of synthesis due to various synthesis optimizations.


+---------------------------------------------------------------------------------+
; Registers Removed During Synthesis                                              ;
+----------------------------------------+----------------------------------------+
; Register name                          ; Reason for Removal                     ;
+----------------------------------------+----------------------------------------+
; DELAY:Delay|result[0..6]               ; Stuck at GND due to stuck port data_in ;
; FSM:fsm|state~15                       ; Lost fanout                            ;
; FSM:fsm|state~16                       ; Lost fanout                            ;
; FSM:fsm|state~17                       ; Lost fanout                            ;
; FSM:fsm|state~18                       ; Lost fanout                            ;
; Total Number of Removed Registers = 11 ;                                        ;
+----------------------------------------+----------------------------------------+


+------------------------------------------------------+
; General Register Statistics                          ;
+----------------------------------------------+-------+
; Statistic                                    ; Value ;
+----------------------------------------------+-------+
; Total registers                              ; 76    ;
; Number of registers using Synchronous Clear  ; 0     ;
; Number of registers using Synchronous Load   ; 0     ;
; Number of registers using Asynchronous Clear ; 0     ;
; Number of registers using Asynchronous Load  ; 0     ;
; Number of registers using Clock Enable       ; 34    ;
; Number of registers using Preset             ; 0     ;
+----------------------------------------------+-------+


+--------------------------------------------------+
; Inverted Register Statistics                     ;
+----------------------------------------+---------+
; Inverted Register                      ; Fan out ;
+----------------------------------------+---------+
; LFSR:Random|prbs[1]                    ; 4       ;
; Total number of inverted registers = 1 ;         ;
+----------------------------------------+---------+


+---------------------------------------------------------------------------------------------------------------------------------------------------------+
; Multiplexer Restructuring Statistics (Restructuring Performed)                                                                                          ;
+--------------------+-----------+---------------+----------------------+------------------------+------------+-------------------------------------------+
; Multiplexer Inputs ; Bus Width ; Baseline Area ; Area if Restructured ; Saving if Restructured ; Registered ; Example Multiplexer Output                ;
+--------------------+-----------+---------------+----------------------+------------------------+------------+-------------------------------------------+
; 3:1                ; 7 bits    ; 14 LEs        ; 14 LEs               ; 0 LEs                  ; Yes        ; |Lab7Challenge4_top|DELAY:Delay|count[2]  ;
; 3:1                ; 7 bits    ; 14 LEs        ; 14 LEs               ; 0 LEs                  ; Yes        ; |Lab7Challenge4_top|DELAY:Delay|count[13] ;
; 8:1                ; 3 bits    ; 15 LEs        ; 9 LEs                ; 6 LEs                  ; No         ; |Lab7Challenge4_top|FSM:fsm|Selector0     ;
+--------------------+-----------+---------------+----------------------+------------------------+------------+-------------------------------------------+


+----------------------------------------------------------------+
; Parameter Settings for User Entity Instance: clktick_1ms:msClk ;
+----------------+-------+---------------------------------------+
; Parameter Name ; Value ; Type                                  ;
+----------------+-------+---------------------------------------+
; N_BIT          ; 16    ; Signed Integer                        ;
; N              ; 49999 ; Signed Integer                        ;
+----------------+-------+---------------------------------------+
Note: In order to hide this table in the UI and the text report file, please set the "Show Parameter Settings in Synthesis Report" option in "Analysis and Synthesis Settings -> More Settings" to "Off".


+--------------------------------------------------------------------------+
; Parameter Settings for User Entity Instance: clktick_halfsec:half_secClk ;
+----------------+-------+-------------------------------------------------+
; Parameter Name ; Value ; Type                                            ;
+----------------+-------+-------------------------------------------------+
; N_BIT          ; 16    ; Signed Integer                                  ;
; N              ; 499   ; Signed Integer                                  ;
+----------------+-------+-------------------------------------------------+
Note: In order to hide this table in the UI and the text report file, please set the "Show Parameter Settings in Synthesis Report" option in "Analysis and Synthesis Settings -> More Settings" to "Off".


+------------------------------------------------------+
; Parameter Settings for User Entity Instance: FSM:fsm ;
+----------------+-------+-----------------------------+
; Parameter Name ; Value ; Type                        ;
+----------------+-------+-----------------------------+
; IDLE           ; 0000  ; Unsigned Binary             ;
; LED9           ; 0001  ; Unsigned Binary             ;
; LED8           ; 0010  ; Unsigned Binary             ;
; LED7           ; 0011  ; Unsigned Binary             ;
; LED6           ; 0100  ; Unsigned Binary             ;
; LED5           ; 0101  ; Unsigned Binary             ;
; LED4           ; 0110  ; Unsigned Binary             ;
; LED3           ; 0111  ; Unsigned Binary             ;
; LED2           ; 1000  ; Unsigned Binary             ;
; LED1           ; 1001  ; Unsigned Binary             ;
; LED0           ; 1010  ; Unsigned Binary             ;
; HOLD           ; 1011  ; Unsigned Binary             ;
; SHUT           ; 1100  ; Unsigned Binary             ;
+----------------+-------+-----------------------------+
Note: In order to hide this table in the UI and the text report file, please set the "Show Parameter Settings in Synthesis Report" option in "Analysis and Synthesis Settings -> More Settings" to "Off".


+-------------------------------------------------------------------------------------------------------------------------------------------------------------------------+
; Port Connectivity Checks: "bin2bcd_16:Converter"                                                                                                                        ;
+------+-------+----------+-----------------------------------------------------------------------------------------------------------------------------------------------+
; Port ; Type  ; Severity ; Details                                                                                                                                       ;
+------+-------+----------+-----------------------------------------------------------------------------------------------------------------------------------------------+
; x    ; Input ; Warning  ; Input port expression (14 bits) is smaller than the input port (16 bits) it drives.  Extra input bit(s) "x[15..14]" will be connected to GND. ;
+------+-------+----------+-----------------------------------------------------------------------------------------------------------------------------------------------+


+-----------------------------------------------+
; Port Connectivity Checks: "clktick_1ms:msClk" ;
+--------+-------+----------+-------------------+
; Port   ; Type  ; Severity ; Details           ;
+--------+-------+----------+-------------------+
; enable ; Input ; Info     ; Stuck at VCC      ;
+--------+-------+----------+-------------------+


+-----------------------------------------------------+
; Post-Synthesis Netlist Statistics for Top Partition ;
+-----------------------+-----------------------------+
; Type                  ; Count                       ;
+-----------------------+-----------------------------+
; boundary_port         ; 48                          ;
; cycloneiii_ff         ; 76                          ;
;     ENA               ; 34                          ;
;     plain             ; 42                          ;
; cycloneiii_lcell_comb ; 240                         ;
;     arith             ; 43                          ;
;         2 data inputs ; 43                          ;
;     normal            ; 197                         ;
;         0 data inputs ; 1                           ;
;         1 data inputs ; 21                          ;
;         2 data inputs ; 26                          ;
;         3 data inputs ; 18                          ;
;         4 data inputs ; 131                         ;
;                       ;                             ;
; Max LUT depth         ; 12.00                       ;
; Average LUT depth     ; 5.56                        ;
+-----------------------+-----------------------------+


+-------------------------------+
; Elapsed Time Per Partition    ;
+----------------+--------------+
; Partition Name ; Elapsed Time ;
+----------------+--------------+
; Top            ; 00:00:02     ;
+----------------+--------------+


+-------------------------------+
; Analysis & Synthesis Messages ;
+-------------------------------+
Info: *******************************************************************
Info: Running Quartus Prime Analysis & Synthesis
    Info: Version 20.1.0 Build 711 06/05/2020 SJ Lite Edition
    Info: Processing started: Thu Dec 10 00:07:01 2020
Info: Command: quartus_map --read_settings_files=on --write_settings_files=off Lab7Challenge4 -c Lab7Challenge4_top
Warning (18236): Number of processors has not been specified which may cause overloading on shared machines.  Set the global assignment NUM_PARALLEL_PROCESSORS in your QSF to an appropriate value for best performance.
Info (20030): Parallel compilation is enabled and will use 4 of the 4 processors detected
Info (12021): Found 1 design units, including 1 entities, in source file clktick_halfsec.v
    Info (12023): Found entity 1: clktick_halfsec File: C:/E2_CAS/Lab7/Challenge4/clktick_halfsec.v Line: 1
Info (12021): Found 1 design units, including 1 entities, in source file clktick_1ms.v
    Info (12023): Found entity 1: clktick_1ms File: C:/E2_CAS/Lab7/Challenge4/clktick_1ms.v Line: 1
Info (12021): Found 1 design units, including 1 entities, in source file hex_to_7seg.v
    Info (12023): Found entity 1: hex_to_7seg File: C:/E2_CAS/Lab7/Challenge4/hex_to_7seg.v Line: 1
Info (12021): Found 1 design units, including 1 entities, in source file bin2bcd_16.v
    Info (12023): Found entity 1: bin2bcd_16 File: C:/E2_CAS/Lab7/Challenge4/bin2bcd_16.v Line: 14
Info (12021): Found 1 design units, including 1 entities, in source file fsm.v
    Info (12023): Found entity 1: FSM File: C:/E2_CAS/Lab7/Challenge4/FSM.v Line: 1
Info (12021): Found 1 design units, including 1 entities, in source file lab7challenge4_top.v
    Info (12023): Found entity 1: Lab7Challenge4_top File: C:/E2_CAS/Lab7/Challenge4/Lab7Challenge4_top.v Line: 1
Info (12021): Found 1 design units, including 1 entities, in source file delay.v
    Info (12023): Found entity 1: DELAY File: C:/E2_CAS/Lab7/Challenge4/delay.v Line: 1
Info (12021): Found 1 design units, including 1 entities, in source file lfsr.v
    Info (12023): Found entity 1: LFSR File: C:/E2_CAS/Lab7/Challenge4/LFSR.v Line: 1
Info (12021): Found 1 design units, including 1 entities, in source file reaction.v
    Info (12023): Found entity 1: REACTION File: C:/E2_CAS/Lab7/Challenge4/REACTION.v Line: 1
Info (12127): Elaborating entity "Lab7Challenge4_top" for the top level hierarchy
Info (12128): Elaborating entity "clktick_1ms" for hierarchy "clktick_1ms:msClk" File: C:/E2_CAS/Lab7/Challenge4/Lab7Challenge4_top.v Line: 23
Warning (10230): Verilog HDL assignment warning at clktick_1ms.v(35): truncated value with size 32 to match size of target (16) File: C:/E2_CAS/Lab7/Challenge4/clktick_1ms.v Line: 35
Info (12128): Elaborating entity "clktick_halfsec" for hierarchy "clktick_halfsec:half_secClk" File: C:/E2_CAS/Lab7/Challenge4/Lab7Challenge4_top.v Line: 24
Warning (10230): Verilog HDL assignment warning at clktick_halfsec.v(35): truncated value with size 32 to match size of target (16) File: C:/E2_CAS/Lab7/Challenge4/clktick_halfsec.v Line: 35
Info (12128): Elaborating entity "FSM" for hierarchy "FSM:fsm" File: C:/E2_CAS/Lab7/Challenge4/Lab7Challenge4_top.v Line: 26
Warning (10240): Verilog HDL Always Construct warning at FSM.v(51): inferring latch(es) for variable "start_delay", which holds its previous value in one or more paths through the always construct File: C:/E2_CAS/Lab7/Challenge4/FSM.v Line: 51
Warning (10240): Verilog HDL Always Construct warning at FSM.v(51): inferring latch(es) for variable "en_lfsr", which holds its previous value in one or more paths through the always construct File: C:/E2_CAS/Lab7/Challenge4/FSM.v Line: 51
Info (10041): Inferred latch for "en_lfsr" at FSM.v(51) File: C:/E2_CAS/Lab7/Challenge4/FSM.v Line: 51
Info (10041): Inferred latch for "start_delay" at FSM.v(51) File: C:/E2_CAS/Lab7/Challenge4/FSM.v Line: 51
Info (12128): Elaborating entity "LFSR" for hierarchy "LFSR:Random" File: C:/E2_CAS/Lab7/Challenge4/Lab7Challenge4_top.v Line: 27
Info (12128): Elaborating entity "DELAY" for hierarchy "DELAY:Delay" File: C:/E2_CAS/Lab7/Challenge4/Lab7Challenge4_top.v Line: 28
Info (12128): Elaborating entity "bin2bcd_16" for hierarchy "bin2bcd_16:Converter" File: C:/E2_CAS/Lab7/Challenge4/Lab7Challenge4_top.v Line: 31
Info (12128): Elaborating entity "hex_to_7seg" for hierarchy "hex_to_7seg:SEG0" File: C:/E2_CAS/Lab7/Challenge4/Lab7Challenge4_top.v Line: 32
Warning (12241): 1 hierarchies have connectivity warnings - see the Connectivity Checks report folder
Warning (13012): Latch FSM:fsm|start_delay has unsafe behavior File: C:/E2_CAS/Lab7/Challenge4/FSM.v Line: 4
    Warning (13013): Ports D and ENA on the latch are fed by the same signal FSM:fsm|state.HOLD File: C:/E2_CAS/Lab7/Challenge4/FSM.v Line: 8
Warning (13024): Output pins are stuck at VCC or GND
    Warning (13410): Pin "HEX4[1]" is stuck at GND File: C:/E2_CAS/Lab7/Challenge4/Lab7Challenge4_top.v Line: 6
Info (286030): Timing-Driven Synthesis is running
Info (17049): 4 registers lost all their fanouts during netlist optimizations.
Info (144001): Generated suppressed messages file C:/E2_CAS/Lab7/Challenge4/output_files/Lab7Challenge4_top.map.smsg
Info (16010): Generating hard_block partition "hard_block:auto_generated_inst"
    Info (16011): Adding 0 node(s), including 0 DDIO, 0 PLL, 0 transceiver and 0 LCELL
Info (21057): Implemented 294 device resources after synthesis - the final resource count might be different
    Info (21058): Implemented 3 input pins
    Info (21059): Implemented 45 output pins
    Info (21061): Implemented 246 logic cells
Info: Quartus Prime Analysis & Synthesis was successful. 0 errors, 10 warnings
    Info: Peak virtual memory: 4762 megabytes
    Info: Processing ended: Thu Dec 10 00:07:09 2020
    Info: Elapsed time: 00:00:08
    Info: Total CPU time (on all processors): 00:00:16


+------------------------------------------+
; Analysis & Synthesis Suppressed Messages ;
+------------------------------------------+
The suppressed messages can be found in C:/E2_CAS/Lab7/Challenge4/output_files/Lab7Challenge4_top.map.smsg.


